CRITICAL - 2021-12-06 08:16:48 --> Typed property App\Libraries\TraccarApi::$username must not be accessed before initialization
#0 /var/www/html/app/Controllers/Rest/Device.php(188): App\Libraries\TraccarApi->devicePost()
#1 /var/www/html/vendor/codeigniter4/framework/system/CodeIgniter.php(824): App\Controllers\Rest\Device->create_device()
#2 /var/www/html/vendor/codeigniter4/framework/system/CodeIgniter.php(410): CodeIgniter\CodeIgniter->runController()
#3 /var/www/html/vendor/codeigniter4/framework/system/CodeIgniter.php(318): CodeIgniter\CodeIgniter->handleRequest()
#4 /var/www/html/public/index.php(37): CodeIgniter\CodeIgniter->run()
#5 {main}
CRITICAL - 2021-12-06 08:17:09 --> Typed property App\Libraries\TraccarApi::$username must not be accessed before initialization
#0 /var/www/html/app/Controllers/Rest/Device.php(188): App\Libraries\TraccarApi->devicePost()
#1 /var/www/html/vendor/codeigniter4/framework/system/CodeIgniter.php(824): App\Controllers\Rest\Device->create_device()
#2 /var/www/html/vendor/codeigniter4/framework/system/CodeIgniter.php(410): CodeIgniter\CodeIgniter->runController()
#3 /var/www/html/vendor/codeigniter4/framework/system/CodeIgniter.php(318): CodeIgniter\CodeIgniter->handleRequest()
#4 /var/www/html/public/index.php(37): CodeIgniter\CodeIgniter->run()
#5 {main}
CRITICAL - 2021-12-06 08:19:52 --> Typed property App\Libraries\TraccarApi::$username must not be accessed before initialization
#0 /var/www/html/app/Controllers/Rest/Device.php(188): App\Libraries\TraccarApi->devicePost()
#1 /var/www/html/vendor/codeigniter4/framework/system/CodeIgniter.php(824): App\Controllers\Rest\Device->create_device()
#2 /var/www/html/vendor/codeigniter4/framework/system/CodeIgniter.php(410): CodeIgniter\CodeIgniter->runController()
#3 /var/www/html/vendor/codeigniter4/framework/system/CodeIgniter.php(318): CodeIgniter\CodeIgniter->handleRequest()
#4 /var/www/html/public/index.php(37): CodeIgniter\CodeIgniter->run()
#5 {main}
CRITICAL - 2021-12-06 08:20:35 --> Typed property App\Libraries\TraccarApi::$username must not be accessed before initialization
#0 /var/www/html/app/Controllers/Rest/Device.php(188): App\Libraries\TraccarApi->devicePost()
#1 /var/www/html/vendor/codeigniter4/framework/system/CodeIgniter.php(824): App\Controllers\Rest\Device->create_device()
#2 /var/www/html/vendor/codeigniter4/framework/system/CodeIgniter.php(410): CodeIgniter\CodeIgniter->runController()
#3 /var/www/html/vendor/codeigniter4/framework/system/CodeIgniter.php(318): CodeIgniter\CodeIgniter->handleRequest()
#4 /var/www/html/public/index.php(37): CodeIgniter\CodeIgniter->run()
#5 {main}
CRITICAL - 2021-12-06 08:20:46 --> Typed property App\Libraries\TraccarApi::$username must not be accessed before initialization
#0 /var/www/html/app/Controllers/Rest/Device.php(188): App\Libraries\TraccarApi->devicePost()
#1 /var/www/html/vendor/codeigniter4/framework/system/CodeIgniter.php(824): App\Controllers\Rest\Device->create_device()
#2 /var/www/html/vendor/codeigniter4/framework/system/CodeIgniter.php(410): CodeIgniter\CodeIgniter->runController()
#3 /var/www/html/vendor/codeigniter4/framework/system/CodeIgniter.php(318): CodeIgniter\CodeIgniter->handleRequest()
#4 /var/www/html/public/index.php(37): CodeIgniter\CodeIgniter->run()
#5 {main}
CRITICAL - 2021-12-06 08:21:50 --> Typed property App\Libraries\TraccarApi::$username must not be accessed before initialization
#0 /var/www/html/app/Controllers/Rest/Device.php(188): App\Libraries\TraccarApi->devicePost()
#1 /var/www/html/vendor/codeigniter4/framework/system/CodeIgniter.php(824): App\Controllers\Rest\Device->create_device()
#2 /var/www/html/vendor/codeigniter4/framework/system/CodeIgniter.php(410): CodeIgniter\CodeIgniter->runController()
#3 /var/www/html/vendor/codeigniter4/framework/system/CodeIgniter.php(318): CodeIgniter\CodeIgniter->handleRequest()
#4 /var/www/html/public/index.php(37): CodeIgniter\CodeIgniter->run()
#5 {main}
CRITICAL - 2021-12-06 08:22:04 --> Typed property App\Libraries\TraccarApi::$username must not be accessed before initialization
#0 /var/www/html/app/Controllers/Rest/Device.php(188): App\Libraries\TraccarApi->devicePost()
#1 /var/www/html/vendor/codeigniter4/framework/system/CodeIgniter.php(824): App\Controllers\Rest\Device->create_device()
#2 /var/www/html/vendor/codeigniter4/framework/system/CodeIgniter.php(410): CodeIgniter\CodeIgniter->runController()
#3 /var/www/html/vendor/codeigniter4/framework/system/CodeIgniter.php(318): CodeIgniter\CodeIgniter->handleRequest()
#4 /var/www/html/public/index.php(37): CodeIgniter\CodeIgniter->run()
#5 {main}
CRITICAL - 2021-12-06 13:48:11 --> Typed property App\Libraries\TraccarApi::$username must not be accessed before initialization
#0 /var/www/html/app/Controllers/Rest/Device.php(188): App\Libraries\TraccarApi->devicePost()
#1 /var/www/html/vendor/codeigniter4/framework/system/CodeIgniter.php(824): App\Controllers\Rest\Device->create_device()
#2 /var/www/html/vendor/codeigniter4/framework/system/CodeIgniter.php(410): CodeIgniter\CodeIgniter->runController()
#3 /var/www/html/vendor/codeigniter4/framework/system/CodeIgniter.php(318): CodeIgniter\CodeIgniter->handleRequest()
#4 /var/www/html/public/index.php(37): CodeIgniter\CodeIgniter->run()
#5 {main}
CRITICAL - 2021-12-06 14:27:36 --> Undefined property: stdClass::$timezone
#0 /var/www/html/app/Views/routeStatic.php(57): CodeIgniter\Debug\Exceptions->errorHandler()
#1 /var/www/html/vendor/codeigniter4/framework/system/View/View.php(214): include('...')
#2 /var/www/html/vendor/codeigniter4/framework/system/View/View.php(217): CodeIgniter\View\View->CodeIgniter\View\{closure}()
#3 /var/www/html/vendor/codeigniter4/framework/system/Common.php(1097): CodeIgniter\View\View->render()
#4 /var/www/html/app/Controllers/Panel.php(52): view()
#5 /var/www/html/vendor/codeigniter4/framework/system/CodeIgniter.php(824): App\Controllers\Panel->route_static()
#6 /var/www/html/vendor/codeigniter4/framework/system/CodeIgniter.php(410): CodeIgniter\CodeIgniter->runController()
#7 /var/www/html/vendor/codeigniter4/framework/system/CodeIgniter.php(318): CodeIgniter\CodeIgniter->handleRequest()
#8 /var/www/html/public/index.php(37): CodeIgniter\CodeIgniter->run()
#9 {main}
CRITICAL - 2021-12-06 14:27:43 --> Undefined property: stdClass::$timezone
#0 /var/www/html/app/Views/routeAnimation.php(57): CodeIgniter\Debug\Exceptions->errorHandler()
#1 /var/www/html/vendor/codeigniter4/framework/system/View/View.php(214): include('...')
#2 /var/www/html/vendor/codeigniter4/framework/system/View/View.php(217): CodeIgniter\View\View->CodeIgniter\View\{closure}()
#3 /var/www/html/vendor/codeigniter4/framework/system/Common.php(1097): CodeIgniter\View\View->render()
#4 /var/www/html/app/Controllers/Panel.php(68): view()
#5 /var/www/html/vendor/codeigniter4/framework/system/CodeIgniter.php(824): App\Controllers\Panel->route_animation()
#6 /var/www/html/vendor/codeigniter4/framework/system/CodeIgniter.php(410): CodeIgniter\CodeIgniter->runController()
#7 /var/www/html/vendor/codeigniter4/framework/system/CodeIgniter.php(318): CodeIgniter\CodeIgniter->handleRequest()
#8 /var/www/html/public/index.php(37): CodeIgniter\CodeIgniter->run()
#9 {main}
CRITICAL - 2021-12-06 16:35:23 --> Undefined property: stdClass::$timezone
#0 /var/www/html/app/Views/routeStatic.php(57): CodeIgniter\Debug\Exceptions->errorHandler()
#1 /var/www/html/vendor/codeigniter4/framework/system/View/View.php(214): include('...')
#2 /var/www/html/vendor/codeigniter4/framework/system/View/View.php(217): CodeIgniter\View\View->CodeIgniter\View\{closure}()
#3 /var/www/html/vendor/codeigniter4/framework/system/Common.php(1097): CodeIgniter\View\View->render()
#4 /var/www/html/app/Controllers/Panel.php(52): view()
#5 /var/www/html/vendor/codeigniter4/framework/system/CodeIgniter.php(824): App\Controllers\Panel->route_static()
#6 /var/www/html/vendor/codeigniter4/framework/system/CodeIgniter.php(410): CodeIgniter\CodeIgniter->runController()
#7 /var/www/html/vendor/codeigniter4/framework/system/CodeIgniter.php(318): CodeIgniter\CodeIgniter->handleRequest()
#8 /var/www/html/public/index.php(37): CodeIgniter\CodeIgniter->run()
#9 {main}
CRITICAL - 2021-12-06 18:12:28 --> Undefined property: stdClass::$timezone
#0 /var/www/html/app/Views/routeStatic.php(57): CodeIgniter\Debug\Exceptions->errorHandler()
#1 /var/www/html/vendor/codeigniter4/framework/system/View/View.php(214): include('...')
#2 /var/www/html/vendor/codeigniter4/framework/system/View/View.php(217): CodeIgniter\View\View->CodeIgniter\View\{closure}()
#3 /var/www/html/vendor/codeigniter4/framework/system/Common.php(1097): CodeIgniter\View\View->render()
#4 /var/www/html/app/Controllers/Panel.php(52): view()
#5 /var/www/html/vendor/codeigniter4/framework/system/CodeIgniter.php(824): App\Controllers\Panel->route_static()
#6 /var/www/html/vendor/codeigniter4/framework/system/CodeIgniter.php(410): CodeIgniter\CodeIgniter->runController()
#7 /var/www/html/vendor/codeigniter4/framework/system/CodeIgniter.php(318): CodeIgniter\CodeIgniter->handleRequest()
#8 /var/www/html/public/index.php(37): CodeIgniter\CodeIgniter->run()
#9 {main}
CRITICAL - 2021-12-06 21:38:02 --> Undefined property: stdClass::$timezone
#0 /var/www/html/app/Views/routeStatic.php(57): CodeIgniter\Debug\Exceptions->errorHandler()
#1 /var/www/html/vendor/codeigniter4/framework/system/View/View.php(214): include('...')
#2 /var/www/html/vendor/codeigniter4/framework/system/View/View.php(217): CodeIgniter\View\View->CodeIgniter\View\{closure}()
#3 /var/www/html/vendor/codeigniter4/framework/system/Common.php(1097): CodeIgniter\View\View->render()
#4 /var/www/html/app/Controllers/Panel.php(52): view()
#5 /var/www/html/vendor/codeigniter4/framework/system/CodeIgniter.php(824): App\Controllers\Panel->route_static()
#6 /var/www/html/vendor/codeigniter4/framework/system/CodeIgniter.php(410): CodeIgniter\CodeIgniter->runController()
#7 /var/www/html/vendor/codeigniter4/framework/system/CodeIgniter.php(318): CodeIgniter\CodeIgniter->handleRequest()
#8 /var/www/html/public/index.php(37): CodeIgniter\CodeIgniter->run()
#9 {main}
