CRITICAL - 2021-11-16 06:05:02 --> Call to undefined method GuzzleHttp\Exception\ConnectException::getResponse()
#0 D:\Projects\ATS\app\Libraries\TraccarApi.php(142): App\Libraries\TraccarApi->request()
#1 D:\Projects\ATS\app\Helpers\common_helper.php(31): App\Libraries\TraccarApi->session()
#2 D:\Projects\ATS\app\Controllers\Rest\Device.php(56): check_auth()
#3 D:\Projects\ATS\vendor\codeigniter4\framework\system\CodeIgniter.php(824): App\Controllers\Rest\Device->position()
#4 D:\Projects\ATS\vendor\codeigniter4\framework\system\CodeIgniter.php(410): CodeIgniter\CodeIgniter->runController()
#5 D:\Projects\ATS\vendor\codeigniter4\framework\system\CodeIgniter.php(318): CodeIgniter\CodeIgniter->handleRequest()
#6 D:\Projects\ATS\public\index.php(37): CodeIgniter\CodeIgniter->run()
#7 D:\Projects\ATS\vendor\codeigniter4\framework\system\Commands\Server\rewrite.php(43): require_once('...')
#8 {main}
CRITICAL - 2021-11-16 06:05:41 --> Call to undefined method GuzzleHttp\Exception\ConnectException::getResponse()
#0 D:\Projects\ATS\app\Libraries\TraccarApi.php(142): App\Libraries\TraccarApi->request()
#1 D:\Projects\ATS\app\Helpers\common_helper.php(31): App\Libraries\TraccarApi->session()
#2 D:\Projects\ATS\app\Controllers\Rest\Device.php(56): check_auth()
#3 D:\Projects\ATS\vendor\codeigniter4\framework\system\CodeIgniter.php(824): App\Controllers\Rest\Device->position()
#4 D:\Projects\ATS\vendor\codeigniter4\framework\system\CodeIgniter.php(410): CodeIgniter\CodeIgniter->runController()
#5 D:\Projects\ATS\vendor\codeigniter4\framework\system\CodeIgniter.php(318): CodeIgniter\CodeIgniter->handleRequest()
#6 D:\Projects\ATS\public\index.php(37): CodeIgniter\CodeIgniter->run()
#7 D:\Projects\ATS\vendor\codeigniter4\framework\system\Commands\Server\rewrite.php(43): require_once('...')
#8 {main}
CRITICAL - 2021-11-16 06:07:06 --> Call to undefined method GuzzleHttp\Exception\ConnectException::getResponse()
#0 D:\Projects\ATS\app\Libraries\TraccarApi.php(142): App\Libraries\TraccarApi->request()
#1 D:\Projects\ATS\app\Helpers\common_helper.php(31): App\Libraries\TraccarApi->session()
#2 D:\Projects\ATS\app\Controllers\Rest\Device.php(56): check_auth()
#3 D:\Projects\ATS\vendor\codeigniter4\framework\system\CodeIgniter.php(824): App\Controllers\Rest\Device->position()
#4 D:\Projects\ATS\vendor\codeigniter4\framework\system\CodeIgniter.php(410): CodeIgniter\CodeIgniter->runController()
#5 D:\Projects\ATS\vendor\codeigniter4\framework\system\CodeIgniter.php(318): CodeIgniter\CodeIgniter->handleRequest()
#6 D:\Projects\ATS\public\index.php(37): CodeIgniter\CodeIgniter->run()
#7 D:\Projects\ATS\vendor\codeigniter4\framework\system\Commands\Server\rewrite.php(43): require_once('...')
#8 {main}
CRITICAL - 2021-11-16 06:08:02 --> Call to undefined method GuzzleHttp\Exception\ConnectException::getResponse()
#0 D:\Projects\ATS\app\Libraries\TraccarApi.php(142): App\Libraries\TraccarApi->request()
#1 D:\Projects\ATS\app\Helpers\common_helper.php(31): App\Libraries\TraccarApi->session()
#2 D:\Projects\ATS\app\Controllers\Rest\Device.php(56): check_auth()
#3 D:\Projects\ATS\vendor\codeigniter4\framework\system\CodeIgniter.php(824): App\Controllers\Rest\Device->position()
#4 D:\Projects\ATS\vendor\codeigniter4\framework\system\CodeIgniter.php(410): CodeIgniter\CodeIgniter->runController()
#5 D:\Projects\ATS\vendor\codeigniter4\framework\system\CodeIgniter.php(318): CodeIgniter\CodeIgniter->handleRequest()
#6 D:\Projects\ATS\public\index.php(37): CodeIgniter\CodeIgniter->run()
#7 D:\Projects\ATS\vendor\codeigniter4\framework\system\Commands\Server\rewrite.php(43): require_once('...')
#8 {main}
CRITICAL - 2021-11-16 06:09:02 --> Call to undefined method GuzzleHttp\Exception\ConnectException::getResponse()
#0 D:\Projects\ATS\app\Libraries\TraccarApi.php(142): App\Libraries\TraccarApi->request()
#1 D:\Projects\ATS\app\Helpers\common_helper.php(31): App\Libraries\TraccarApi->session()
#2 D:\Projects\ATS\app\Controllers\Rest\Device.php(56): check_auth()
#3 D:\Projects\ATS\vendor\codeigniter4\framework\system\CodeIgniter.php(824): App\Controllers\Rest\Device->position()
#4 D:\Projects\ATS\vendor\codeigniter4\framework\system\CodeIgniter.php(410): CodeIgniter\CodeIgniter->runController()
#5 D:\Projects\ATS\vendor\codeigniter4\framework\system\CodeIgniter.php(318): CodeIgniter\CodeIgniter->handleRequest()
#6 D:\Projects\ATS\public\index.php(37): CodeIgniter\CodeIgniter->run()
#7 D:\Projects\ATS\vendor\codeigniter4\framework\system\Commands\Server\rewrite.php(43): require_once('...')
#8 {main}
CRITICAL - 2021-11-16 06:10:02 --> Call to undefined method GuzzleHttp\Exception\ConnectException::getResponse()
#0 D:\Projects\ATS\app\Libraries\TraccarApi.php(142): App\Libraries\TraccarApi->request()
#1 D:\Projects\ATS\app\Helpers\common_helper.php(31): App\Libraries\TraccarApi->session()
#2 D:\Projects\ATS\app\Controllers\Rest\Device.php(56): check_auth()
#3 D:\Projects\ATS\vendor\codeigniter4\framework\system\CodeIgniter.php(824): App\Controllers\Rest\Device->position()
#4 D:\Projects\ATS\vendor\codeigniter4\framework\system\CodeIgniter.php(410): CodeIgniter\CodeIgniter->runController()
#5 D:\Projects\ATS\vendor\codeigniter4\framework\system\CodeIgniter.php(318): CodeIgniter\CodeIgniter->handleRequest()
#6 D:\Projects\ATS\public\index.php(37): CodeIgniter\CodeIgniter->run()
#7 D:\Projects\ATS\vendor\codeigniter4\framework\system\Commands\Server\rewrite.php(43): require_once('...')
#8 {main}
CRITICAL - 2021-11-16 06:11:02 --> Call to undefined method GuzzleHttp\Exception\ConnectException::getResponse()
#0 D:\Projects\ATS\app\Libraries\TraccarApi.php(142): App\Libraries\TraccarApi->request()
#1 D:\Projects\ATS\app\Helpers\common_helper.php(31): App\Libraries\TraccarApi->session()
#2 D:\Projects\ATS\app\Controllers\Rest\Device.php(56): check_auth()
#3 D:\Projects\ATS\vendor\codeigniter4\framework\system\CodeIgniter.php(824): App\Controllers\Rest\Device->position()
#4 D:\Projects\ATS\vendor\codeigniter4\framework\system\CodeIgniter.php(410): CodeIgniter\CodeIgniter->runController()
#5 D:\Projects\ATS\vendor\codeigniter4\framework\system\CodeIgniter.php(318): CodeIgniter\CodeIgniter->handleRequest()
#6 D:\Projects\ATS\public\index.php(37): CodeIgniter\CodeIgniter->run()
#7 D:\Projects\ATS\vendor\codeigniter4\framework\system\Commands\Server\rewrite.php(43): require_once('...')
#8 {main}
CRITICAL - 2021-11-16 06:12:02 --> Call to undefined method GuzzleHttp\Exception\ConnectException::getResponse()
#0 D:\Projects\ATS\app\Libraries\TraccarApi.php(142): App\Libraries\TraccarApi->request()
#1 D:\Projects\ATS\app\Helpers\common_helper.php(31): App\Libraries\TraccarApi->session()
#2 D:\Projects\ATS\app\Controllers\Rest\Device.php(56): check_auth()
#3 D:\Projects\ATS\vendor\codeigniter4\framework\system\CodeIgniter.php(824): App\Controllers\Rest\Device->position()
#4 D:\Projects\ATS\vendor\codeigniter4\framework\system\CodeIgniter.php(410): CodeIgniter\CodeIgniter->runController()
#5 D:\Projects\ATS\vendor\codeigniter4\framework\system\CodeIgniter.php(318): CodeIgniter\CodeIgniter->handleRequest()
#6 D:\Projects\ATS\public\index.php(37): CodeIgniter\CodeIgniter->run()
#7 D:\Projects\ATS\vendor\codeigniter4\framework\system\Commands\Server\rewrite.php(43): require_once('...')
#8 {main}
CRITICAL - 2021-11-16 06:13:02 --> Call to undefined method GuzzleHttp\Exception\ConnectException::getResponse()
#0 D:\Projects\ATS\app\Libraries\TraccarApi.php(142): App\Libraries\TraccarApi->request()
#1 D:\Projects\ATS\app\Helpers\common_helper.php(31): App\Libraries\TraccarApi->session()
#2 D:\Projects\ATS\app\Controllers\Rest\Device.php(56): check_auth()
#3 D:\Projects\ATS\vendor\codeigniter4\framework\system\CodeIgniter.php(824): App\Controllers\Rest\Device->position()
#4 D:\Projects\ATS\vendor\codeigniter4\framework\system\CodeIgniter.php(410): CodeIgniter\CodeIgniter->runController()
#5 D:\Projects\ATS\vendor\codeigniter4\framework\system\CodeIgniter.php(318): CodeIgniter\CodeIgniter->handleRequest()
#6 D:\Projects\ATS\public\index.php(37): CodeIgniter\CodeIgniter->run()
#7 D:\Projects\ATS\vendor\codeigniter4\framework\system\Commands\Server\rewrite.php(43): require_once('...')
#8 {main}
CRITICAL - 2021-11-16 06:14:02 --> Call to undefined method GuzzleHttp\Exception\ConnectException::getResponse()
#0 D:\Projects\ATS\app\Libraries\TraccarApi.php(142): App\Libraries\TraccarApi->request()
#1 D:\Projects\ATS\app\Helpers\common_helper.php(31): App\Libraries\TraccarApi->session()
#2 D:\Projects\ATS\app\Controllers\Rest\Device.php(56): check_auth()
#3 D:\Projects\ATS\vendor\codeigniter4\framework\system\CodeIgniter.php(824): App\Controllers\Rest\Device->position()
#4 D:\Projects\ATS\vendor\codeigniter4\framework\system\CodeIgniter.php(410): CodeIgniter\CodeIgniter->runController()
#5 D:\Projects\ATS\vendor\codeigniter4\framework\system\CodeIgniter.php(318): CodeIgniter\CodeIgniter->handleRequest()
#6 D:\Projects\ATS\public\index.php(37): CodeIgniter\CodeIgniter->run()
#7 D:\Projects\ATS\vendor\codeigniter4\framework\system\Commands\Server\rewrite.php(43): require_once('...')
#8 {main}
CRITICAL - 2021-11-16 06:15:02 --> Call to undefined method GuzzleHttp\Exception\ConnectException::getResponse()
#0 D:\Projects\ATS\app\Libraries\TraccarApi.php(142): App\Libraries\TraccarApi->request()
#1 D:\Projects\ATS\app\Helpers\common_helper.php(31): App\Libraries\TraccarApi->session()
#2 D:\Projects\ATS\app\Controllers\Rest\Device.php(56): check_auth()
#3 D:\Projects\ATS\vendor\codeigniter4\framework\system\CodeIgniter.php(824): App\Controllers\Rest\Device->position()
#4 D:\Projects\ATS\vendor\codeigniter4\framework\system\CodeIgniter.php(410): CodeIgniter\CodeIgniter->runController()
#5 D:\Projects\ATS\vendor\codeigniter4\framework\system\CodeIgniter.php(318): CodeIgniter\CodeIgniter->handleRequest()
#6 D:\Projects\ATS\public\index.php(37): CodeIgniter\CodeIgniter->run()
#7 D:\Projects\ATS\vendor\codeigniter4\framework\system\Commands\Server\rewrite.php(43): require_once('...')
#8 {main}
CRITICAL - 2021-11-16 06:16:02 --> Call to undefined method GuzzleHttp\Exception\ConnectException::getResponse()
#0 D:\Projects\ATS\app\Libraries\TraccarApi.php(142): App\Libraries\TraccarApi->request()
#1 D:\Projects\ATS\app\Helpers\common_helper.php(31): App\Libraries\TraccarApi->session()
#2 D:\Projects\ATS\app\Controllers\Rest\Device.php(56): check_auth()
#3 D:\Projects\ATS\vendor\codeigniter4\framework\system\CodeIgniter.php(824): App\Controllers\Rest\Device->position()
#4 D:\Projects\ATS\vendor\codeigniter4\framework\system\CodeIgniter.php(410): CodeIgniter\CodeIgniter->runController()
#5 D:\Projects\ATS\vendor\codeigniter4\framework\system\CodeIgniter.php(318): CodeIgniter\CodeIgniter->handleRequest()
#6 D:\Projects\ATS\public\index.php(37): CodeIgniter\CodeIgniter->run()
#7 D:\Projects\ATS\vendor\codeigniter4\framework\system\Commands\Server\rewrite.php(43): require_once('...')
#8 {main}
CRITICAL - 2021-11-16 06:17:02 --> Call to undefined method GuzzleHttp\Exception\ConnectException::getResponse()
#0 D:\Projects\ATS\app\Libraries\TraccarApi.php(142): App\Libraries\TraccarApi->request()
#1 D:\Projects\ATS\app\Helpers\common_helper.php(31): App\Libraries\TraccarApi->session()
#2 D:\Projects\ATS\app\Controllers\Rest\Device.php(56): check_auth()
#3 D:\Projects\ATS\vendor\codeigniter4\framework\system\CodeIgniter.php(824): App\Controllers\Rest\Device->position()
#4 D:\Projects\ATS\vendor\codeigniter4\framework\system\CodeIgniter.php(410): CodeIgniter\CodeIgniter->runController()
#5 D:\Projects\ATS\vendor\codeigniter4\framework\system\CodeIgniter.php(318): CodeIgniter\CodeIgniter->handleRequest()
#6 D:\Projects\ATS\public\index.php(37): CodeIgniter\CodeIgniter->run()
#7 D:\Projects\ATS\vendor\codeigniter4\framework\system\Commands\Server\rewrite.php(43): require_once('...')
#8 {main}
CRITICAL - 2021-11-16 06:18:02 --> Call to undefined method GuzzleHttp\Exception\ConnectException::getResponse()
#0 D:\Projects\ATS\app\Libraries\TraccarApi.php(142): App\Libraries\TraccarApi->request()
#1 D:\Projects\ATS\app\Helpers\common_helper.php(31): App\Libraries\TraccarApi->session()
#2 D:\Projects\ATS\app\Controllers\Rest\Device.php(56): check_auth()
#3 D:\Projects\ATS\vendor\codeigniter4\framework\system\CodeIgniter.php(824): App\Controllers\Rest\Device->position()
#4 D:\Projects\ATS\vendor\codeigniter4\framework\system\CodeIgniter.php(410): CodeIgniter\CodeIgniter->runController()
#5 D:\Projects\ATS\vendor\codeigniter4\framework\system\CodeIgniter.php(318): CodeIgniter\CodeIgniter->handleRequest()
#6 D:\Projects\ATS\public\index.php(37): CodeIgniter\CodeIgniter->run()
#7 D:\Projects\ATS\vendor\codeigniter4\framework\system\Commands\Server\rewrite.php(43): require_once('...')
#8 {main}
CRITICAL - 2021-11-16 06:19:02 --> Call to undefined method GuzzleHttp\Exception\ConnectException::getResponse()
#0 D:\Projects\ATS\app\Libraries\TraccarApi.php(142): App\Libraries\TraccarApi->request()
#1 D:\Projects\ATS\app\Helpers\common_helper.php(31): App\Libraries\TraccarApi->session()
#2 D:\Projects\ATS\app\Controllers\Rest\Device.php(56): check_auth()
#3 D:\Projects\ATS\vendor\codeigniter4\framework\system\CodeIgniter.php(824): App\Controllers\Rest\Device->position()
#4 D:\Projects\ATS\vendor\codeigniter4\framework\system\CodeIgniter.php(410): CodeIgniter\CodeIgniter->runController()
#5 D:\Projects\ATS\vendor\codeigniter4\framework\system\CodeIgniter.php(318): CodeIgniter\CodeIgniter->handleRequest()
#6 D:\Projects\ATS\public\index.php(37): CodeIgniter\CodeIgniter->run()
#7 D:\Projects\ATS\vendor\codeigniter4\framework\system\Commands\Server\rewrite.php(43): require_once('...')
#8 {main}
CRITICAL - 2021-11-16 06:20:02 --> Call to undefined method GuzzleHttp\Exception\ConnectException::getResponse()
#0 D:\Projects\ATS\app\Libraries\TraccarApi.php(142): App\Libraries\TraccarApi->request()
#1 D:\Projects\ATS\app\Helpers\common_helper.php(31): App\Libraries\TraccarApi->session()
#2 D:\Projects\ATS\app\Controllers\Rest\Device.php(56): check_auth()
#3 D:\Projects\ATS\vendor\codeigniter4\framework\system\CodeIgniter.php(824): App\Controllers\Rest\Device->position()
#4 D:\Projects\ATS\vendor\codeigniter4\framework\system\CodeIgniter.php(410): CodeIgniter\CodeIgniter->runController()
#5 D:\Projects\ATS\vendor\codeigniter4\framework\system\CodeIgniter.php(318): CodeIgniter\CodeIgniter->handleRequest()
#6 D:\Projects\ATS\public\index.php(37): CodeIgniter\CodeIgniter->run()
#7 D:\Projects\ATS\vendor\codeigniter4\framework\system\Commands\Server\rewrite.php(43): require_once('...')
#8 {main}
CRITICAL - 2021-11-16 06:21:02 --> Call to undefined method GuzzleHttp\Exception\ConnectException::getResponse()
#0 D:\Projects\ATS\app\Libraries\TraccarApi.php(142): App\Libraries\TraccarApi->request()
#1 D:\Projects\ATS\app\Helpers\common_helper.php(31): App\Libraries\TraccarApi->session()
#2 D:\Projects\ATS\app\Controllers\Rest\Device.php(56): check_auth()
#3 D:\Projects\ATS\vendor\codeigniter4\framework\system\CodeIgniter.php(824): App\Controllers\Rest\Device->position()
#4 D:\Projects\ATS\vendor\codeigniter4\framework\system\CodeIgniter.php(410): CodeIgniter\CodeIgniter->runController()
#5 D:\Projects\ATS\vendor\codeigniter4\framework\system\CodeIgniter.php(318): CodeIgniter\CodeIgniter->handleRequest()
#6 D:\Projects\ATS\public\index.php(37): CodeIgniter\CodeIgniter->run()
#7 D:\Projects\ATS\vendor\codeigniter4\framework\system\Commands\Server\rewrite.php(43): require_once('...')
#8 {main}
CRITICAL - 2021-11-16 06:22:02 --> Call to undefined method GuzzleHttp\Exception\ConnectException::getResponse()
#0 D:\Projects\ATS\app\Libraries\TraccarApi.php(142): App\Libraries\TraccarApi->request()
#1 D:\Projects\ATS\app\Helpers\common_helper.php(31): App\Libraries\TraccarApi->session()
#2 D:\Projects\ATS\app\Controllers\Rest\Device.php(56): check_auth()
#3 D:\Projects\ATS\vendor\codeigniter4\framework\system\CodeIgniter.php(824): App\Controllers\Rest\Device->position()
#4 D:\Projects\ATS\vendor\codeigniter4\framework\system\CodeIgniter.php(410): CodeIgniter\CodeIgniter->runController()
#5 D:\Projects\ATS\vendor\codeigniter4\framework\system\CodeIgniter.php(318): CodeIgniter\CodeIgniter->handleRequest()
#6 D:\Projects\ATS\public\index.php(37): CodeIgniter\CodeIgniter->run()
#7 D:\Projects\ATS\vendor\codeigniter4\framework\system\Commands\Server\rewrite.php(43): require_once('...')
#8 {main}
CRITICAL - 2021-11-16 06:23:02 --> Call to undefined method GuzzleHttp\Exception\ConnectException::getResponse()
#0 D:\Projects\ATS\app\Libraries\TraccarApi.php(142): App\Libraries\TraccarApi->request()
#1 D:\Projects\ATS\app\Helpers\common_helper.php(31): App\Libraries\TraccarApi->session()
#2 D:\Projects\ATS\app\Controllers\Rest\Device.php(56): check_auth()
#3 D:\Projects\ATS\vendor\codeigniter4\framework\system\CodeIgniter.php(824): App\Controllers\Rest\Device->position()
#4 D:\Projects\ATS\vendor\codeigniter4\framework\system\CodeIgniter.php(410): CodeIgniter\CodeIgniter->runController()
#5 D:\Projects\ATS\vendor\codeigniter4\framework\system\CodeIgniter.php(318): CodeIgniter\CodeIgniter->handleRequest()
#6 D:\Projects\ATS\public\index.php(37): CodeIgniter\CodeIgniter->run()
#7 D:\Projects\ATS\vendor\codeigniter4\framework\system\Commands\Server\rewrite.php(43): require_once('...')
#8 {main}
CRITICAL - 2021-11-16 06:24:02 --> Call to undefined method GuzzleHttp\Exception\ConnectException::getResponse()
#0 D:\Projects\ATS\app\Libraries\TraccarApi.php(142): App\Libraries\TraccarApi->request()
#1 D:\Projects\ATS\app\Helpers\common_helper.php(31): App\Libraries\TraccarApi->session()
#2 D:\Projects\ATS\app\Controllers\Rest\Device.php(56): check_auth()
#3 D:\Projects\ATS\vendor\codeigniter4\framework\system\CodeIgniter.php(824): App\Controllers\Rest\Device->position()
#4 D:\Projects\ATS\vendor\codeigniter4\framework\system\CodeIgniter.php(410): CodeIgniter\CodeIgniter->runController()
#5 D:\Projects\ATS\vendor\codeigniter4\framework\system\CodeIgniter.php(318): CodeIgniter\CodeIgniter->handleRequest()
#6 D:\Projects\ATS\public\index.php(37): CodeIgniter\CodeIgniter->run()
#7 D:\Projects\ATS\vendor\codeigniter4\framework\system\Commands\Server\rewrite.php(43): require_once('...')
#8 {main}
CRITICAL - 2021-11-16 06:25:02 --> Call to undefined method GuzzleHttp\Exception\ConnectException::getResponse()
#0 D:\Projects\ATS\app\Libraries\TraccarApi.php(142): App\Libraries\TraccarApi->request()
#1 D:\Projects\ATS\app\Helpers\common_helper.php(31): App\Libraries\TraccarApi->session()
#2 D:\Projects\ATS\app\Controllers\Rest\Device.php(56): check_auth()
#3 D:\Projects\ATS\vendor\codeigniter4\framework\system\CodeIgniter.php(824): App\Controllers\Rest\Device->position()
#4 D:\Projects\ATS\vendor\codeigniter4\framework\system\CodeIgniter.php(410): CodeIgniter\CodeIgniter->runController()
#5 D:\Projects\ATS\vendor\codeigniter4\framework\system\CodeIgniter.php(318): CodeIgniter\CodeIgniter->handleRequest()
#6 D:\Projects\ATS\public\index.php(37): CodeIgniter\CodeIgniter->run()
#7 D:\Projects\ATS\vendor\codeigniter4\framework\system\Commands\Server\rewrite.php(43): require_once('...')
#8 {main}
CRITICAL - 2021-11-16 06:26:02 --> Call to undefined method GuzzleHttp\Exception\ConnectException::getResponse()
#0 D:\Projects\ATS\app\Libraries\TraccarApi.php(142): App\Libraries\TraccarApi->request()
#1 D:\Projects\ATS\app\Helpers\common_helper.php(31): App\Libraries\TraccarApi->session()
#2 D:\Projects\ATS\app\Controllers\Rest\Device.php(56): check_auth()
#3 D:\Projects\ATS\vendor\codeigniter4\framework\system\CodeIgniter.php(824): App\Controllers\Rest\Device->position()
#4 D:\Projects\ATS\vendor\codeigniter4\framework\system\CodeIgniter.php(410): CodeIgniter\CodeIgniter->runController()
#5 D:\Projects\ATS\vendor\codeigniter4\framework\system\CodeIgniter.php(318): CodeIgniter\CodeIgniter->handleRequest()
#6 D:\Projects\ATS\public\index.php(37): CodeIgniter\CodeIgniter->run()
#7 D:\Projects\ATS\vendor\codeigniter4\framework\system\Commands\Server\rewrite.php(43): require_once('...')
#8 {main}
CRITICAL - 2021-11-16 06:27:02 --> Call to undefined method GuzzleHttp\Exception\ConnectException::getResponse()
#0 D:\Projects\ATS\app\Libraries\TraccarApi.php(142): App\Libraries\TraccarApi->request()
#1 D:\Projects\ATS\app\Helpers\common_helper.php(31): App\Libraries\TraccarApi->session()
#2 D:\Projects\ATS\app\Controllers\Rest\Device.php(56): check_auth()
#3 D:\Projects\ATS\vendor\codeigniter4\framework\system\CodeIgniter.php(824): App\Controllers\Rest\Device->position()
#4 D:\Projects\ATS\vendor\codeigniter4\framework\system\CodeIgniter.php(410): CodeIgniter\CodeIgniter->runController()
#5 D:\Projects\ATS\vendor\codeigniter4\framework\system\CodeIgniter.php(318): CodeIgniter\CodeIgniter->handleRequest()
#6 D:\Projects\ATS\public\index.php(37): CodeIgniter\CodeIgniter->run()
#7 D:\Projects\ATS\vendor\codeigniter4\framework\system\Commands\Server\rewrite.php(43): require_once('...')
#8 {main}
CRITICAL - 2021-11-16 06:27:25 --> Call to undefined method GuzzleHttp\Exception\ConnectException::getResponse()
#0 D:\Projects\ATS\app\Libraries\TraccarApi.php(142): App\Libraries\TraccarApi->request()
#1 D:\Projects\ATS\app\Helpers\common_helper.php(31): App\Libraries\TraccarApi->session()
#2 D:\Projects\ATS\app\Controllers\Rest\Device.php(56): check_auth()
#3 D:\Projects\ATS\vendor\codeigniter4\framework\system\CodeIgniter.php(824): App\Controllers\Rest\Device->position()
#4 D:\Projects\ATS\vendor\codeigniter4\framework\system\CodeIgniter.php(410): CodeIgniter\CodeIgniter->runController()
#5 D:\Projects\ATS\vendor\codeigniter4\framework\system\CodeIgniter.php(318): CodeIgniter\CodeIgniter->handleRequest()
#6 D:\Projects\ATS\public\index.php(37): CodeIgniter\CodeIgniter->run()
#7 D:\Projects\ATS\vendor\codeigniter4\framework\system\Commands\Server\rewrite.php(43): require_once('...')
#8 {main}
CRITICAL - 2021-11-16 06:27:46 --> Call to undefined method GuzzleHttp\Exception\ConnectException::getResponse()
#0 D:\Projects\ATS\app\Libraries\TraccarApi.php(142): App\Libraries\TraccarApi->request()
#1 D:\Projects\ATS\app\Helpers\common_helper.php(31): App\Libraries\TraccarApi->session()
#2 D:\Projects\ATS\app\Controllers\Rest\Device.php(56): check_auth()
#3 D:\Projects\ATS\vendor\codeigniter4\framework\system\CodeIgniter.php(824): App\Controllers\Rest\Device->position()
#4 D:\Projects\ATS\vendor\codeigniter4\framework\system\CodeIgniter.php(410): CodeIgniter\CodeIgniter->runController()
#5 D:\Projects\ATS\vendor\codeigniter4\framework\system\CodeIgniter.php(318): CodeIgniter\CodeIgniter->handleRequest()
#6 D:\Projects\ATS\public\index.php(37): CodeIgniter\CodeIgniter->run()
#7 D:\Projects\ATS\vendor\codeigniter4\framework\system\Commands\Server\rewrite.php(43): require_once('...')
#8 {main}
CRITICAL - 2021-11-16 06:28:08 --> Call to undefined method GuzzleHttp\Exception\ConnectException::getResponse()
#0 D:\Projects\ATS\app\Libraries\TraccarApi.php(142): App\Libraries\TraccarApi->request()
#1 D:\Projects\ATS\app\Helpers\common_helper.php(31): App\Libraries\TraccarApi->session()
#2 D:\Projects\ATS\app\Controllers\Rest\Device.php(56): check_auth()
#3 D:\Projects\ATS\vendor\codeigniter4\framework\system\CodeIgniter.php(824): App\Controllers\Rest\Device->position()
#4 D:\Projects\ATS\vendor\codeigniter4\framework\system\CodeIgniter.php(410): CodeIgniter\CodeIgniter->runController()
#5 D:\Projects\ATS\vendor\codeigniter4\framework\system\CodeIgniter.php(318): CodeIgniter\CodeIgniter->handleRequest()
#6 D:\Projects\ATS\public\index.php(37): CodeIgniter\CodeIgniter->run()
#7 D:\Projects\ATS\vendor\codeigniter4\framework\system\Commands\Server\rewrite.php(43): require_once('...')
#8 {main}
CRITICAL - 2021-11-16 06:28:29 --> Call to undefined method GuzzleHttp\Exception\ConnectException::getResponse()
#0 D:\Projects\ATS\app\Libraries\TraccarApi.php(142): App\Libraries\TraccarApi->request()
#1 D:\Projects\ATS\app\Helpers\common_helper.php(31): App\Libraries\TraccarApi->session()
#2 D:\Projects\ATS\app\Controllers\Rest\Device.php(56): check_auth()
#3 D:\Projects\ATS\vendor\codeigniter4\framework\system\CodeIgniter.php(824): App\Controllers\Rest\Device->position()
#4 D:\Projects\ATS\vendor\codeigniter4\framework\system\CodeIgniter.php(410): CodeIgniter\CodeIgniter->runController()
#5 D:\Projects\ATS\vendor\codeigniter4\framework\system\CodeIgniter.php(318): CodeIgniter\CodeIgniter->handleRequest()
#6 D:\Projects\ATS\public\index.php(37): CodeIgniter\CodeIgniter->run()
#7 D:\Projects\ATS\vendor\codeigniter4\framework\system\Commands\Server\rewrite.php(43): require_once('...')
#8 {main}
CRITICAL - 2021-11-16 06:28:51 --> Call to undefined method GuzzleHttp\Exception\ConnectException::getResponse()
#0 D:\Projects\ATS\app\Libraries\TraccarApi.php(142): App\Libraries\TraccarApi->request()
#1 D:\Projects\ATS\app\Helpers\common_helper.php(31): App\Libraries\TraccarApi->session()
#2 D:\Projects\ATS\app\Controllers\Rest\Device.php(56): check_auth()
#3 D:\Projects\ATS\vendor\codeigniter4\framework\system\CodeIgniter.php(824): App\Controllers\Rest\Device->position()
#4 D:\Projects\ATS\vendor\codeigniter4\framework\system\CodeIgniter.php(410): CodeIgniter\CodeIgniter->runController()
#5 D:\Projects\ATS\vendor\codeigniter4\framework\system\CodeIgniter.php(318): CodeIgniter\CodeIgniter->handleRequest()
#6 D:\Projects\ATS\public\index.php(37): CodeIgniter\CodeIgniter->run()
#7 D:\Projects\ATS\vendor\codeigniter4\framework\system\Commands\Server\rewrite.php(43): require_once('...')
#8 {main}
CRITICAL - 2021-11-16 06:29:13 --> Call to undefined method GuzzleHttp\Exception\ConnectException::getResponse()
#0 D:\Projects\ATS\app\Libraries\TraccarApi.php(142): App\Libraries\TraccarApi->request()
#1 D:\Projects\ATS\app\Helpers\common_helper.php(31): App\Libraries\TraccarApi->session()
#2 D:\Projects\ATS\app\Controllers\Rest\Device.php(56): check_auth()
#3 D:\Projects\ATS\vendor\codeigniter4\framework\system\CodeIgniter.php(824): App\Controllers\Rest\Device->position()
#4 D:\Projects\ATS\vendor\codeigniter4\framework\system\CodeIgniter.php(410): CodeIgniter\CodeIgniter->runController()
#5 D:\Projects\ATS\vendor\codeigniter4\framework\system\CodeIgniter.php(318): CodeIgniter\CodeIgniter->handleRequest()
#6 D:\Projects\ATS\public\index.php(37): CodeIgniter\CodeIgniter->run()
#7 D:\Projects\ATS\vendor\codeigniter4\framework\system\Commands\Server\rewrite.php(43): require_once('...')
#8 {main}
CRITICAL - 2021-11-16 06:29:34 --> Call to undefined method GuzzleHttp\Exception\ConnectException::getResponse()
#0 D:\Projects\ATS\app\Libraries\TraccarApi.php(142): App\Libraries\TraccarApi->request()
#1 D:\Projects\ATS\app\Helpers\common_helper.php(31): App\Libraries\TraccarApi->session()
#2 D:\Projects\ATS\app\Controllers\Rest\Device.php(56): check_auth()
#3 D:\Projects\ATS\vendor\codeigniter4\framework\system\CodeIgniter.php(824): App\Controllers\Rest\Device->position()
#4 D:\Projects\ATS\vendor\codeigniter4\framework\system\CodeIgniter.php(410): CodeIgniter\CodeIgniter->runController()
#5 D:\Projects\ATS\vendor\codeigniter4\framework\system\CodeIgniter.php(318): CodeIgniter\CodeIgniter->handleRequest()
#6 D:\Projects\ATS\public\index.php(37): CodeIgniter\CodeIgniter->run()
#7 D:\Projects\ATS\vendor\codeigniter4\framework\system\Commands\Server\rewrite.php(43): require_once('...')
#8 {main}
CRITICAL - 2021-11-16 06:29:56 --> Call to undefined method GuzzleHttp\Exception\ConnectException::getResponse()
#0 D:\Projects\ATS\app\Libraries\TraccarApi.php(142): App\Libraries\TraccarApi->request()
#1 D:\Projects\ATS\app\Helpers\common_helper.php(31): App\Libraries\TraccarApi->session()
#2 D:\Projects\ATS\app\Controllers\Rest\Device.php(56): check_auth()
#3 D:\Projects\ATS\vendor\codeigniter4\framework\system\CodeIgniter.php(824): App\Controllers\Rest\Device->position()
#4 D:\Projects\ATS\vendor\codeigniter4\framework\system\CodeIgniter.php(410): CodeIgniter\CodeIgniter->runController()
#5 D:\Projects\ATS\vendor\codeigniter4\framework\system\CodeIgniter.php(318): CodeIgniter\CodeIgniter->handleRequest()
#6 D:\Projects\ATS\public\index.php(37): CodeIgniter\CodeIgniter->run()
#7 D:\Projects\ATS\vendor\codeigniter4\framework\system\Commands\Server\rewrite.php(43): require_once('...')
#8 {main}
CRITICAL - 2021-11-16 06:30:17 --> Call to undefined method GuzzleHttp\Exception\ConnectException::getResponse()
#0 D:\Projects\ATS\app\Libraries\TraccarApi.php(142): App\Libraries\TraccarApi->request()
#1 D:\Projects\ATS\app\Helpers\common_helper.php(31): App\Libraries\TraccarApi->session()
#2 D:\Projects\ATS\app\Controllers\Rest\Device.php(56): check_auth()
#3 D:\Projects\ATS\vendor\codeigniter4\framework\system\CodeIgniter.php(824): App\Controllers\Rest\Device->position()
#4 D:\Projects\ATS\vendor\codeigniter4\framework\system\CodeIgniter.php(410): CodeIgniter\CodeIgniter->runController()
#5 D:\Projects\ATS\vendor\codeigniter4\framework\system\CodeIgniter.php(318): CodeIgniter\CodeIgniter->handleRequest()
#6 D:\Projects\ATS\public\index.php(37): CodeIgniter\CodeIgniter->run()
#7 D:\Projects\ATS\vendor\codeigniter4\framework\system\Commands\Server\rewrite.php(43): require_once('...')
#8 {main}
CRITICAL - 2021-11-16 06:30:39 --> Call to undefined method GuzzleHttp\Exception\ConnectException::getResponse()
#0 D:\Projects\ATS\app\Libraries\TraccarApi.php(142): App\Libraries\TraccarApi->request()
#1 D:\Projects\ATS\app\Helpers\common_helper.php(31): App\Libraries\TraccarApi->session()
#2 D:\Projects\ATS\app\Controllers\Rest\Device.php(56): check_auth()
#3 D:\Projects\ATS\vendor\codeigniter4\framework\system\CodeIgniter.php(824): App\Controllers\Rest\Device->position()
#4 D:\Projects\ATS\vendor\codeigniter4\framework\system\CodeIgniter.php(410): CodeIgniter\CodeIgniter->runController()
#5 D:\Projects\ATS\vendor\codeigniter4\framework\system\CodeIgniter.php(318): CodeIgniter\CodeIgniter->handleRequest()
#6 D:\Projects\ATS\public\index.php(37): CodeIgniter\CodeIgniter->run()
#7 D:\Projects\ATS\vendor\codeigniter4\framework\system\Commands\Server\rewrite.php(43): require_once('...')
#8 {main}
CRITICAL - 2021-11-16 06:31:01 --> Call to undefined method GuzzleHttp\Exception\ConnectException::getResponse()
#0 D:\Projects\ATS\app\Libraries\TraccarApi.php(142): App\Libraries\TraccarApi->request()
#1 D:\Projects\ATS\app\Helpers\common_helper.php(31): App\Libraries\TraccarApi->session()
#2 D:\Projects\ATS\app\Controllers\Rest\Device.php(56): check_auth()
#3 D:\Projects\ATS\vendor\codeigniter4\framework\system\CodeIgniter.php(824): App\Controllers\Rest\Device->position()
#4 D:\Projects\ATS\vendor\codeigniter4\framework\system\CodeIgniter.php(410): CodeIgniter\CodeIgniter->runController()
#5 D:\Projects\ATS\vendor\codeigniter4\framework\system\CodeIgniter.php(318): CodeIgniter\CodeIgniter->handleRequest()
#6 D:\Projects\ATS\public\index.php(37): CodeIgniter\CodeIgniter->run()
#7 D:\Projects\ATS\vendor\codeigniter4\framework\system\Commands\Server\rewrite.php(43): require_once('...')
#8 {main}
CRITICAL - 2021-11-16 08:27:11 --> Invalid file: routeStatic.php
#0 D:\Projects\ATS\vendor\codeigniter4\framework\system\View\View.php(198): CodeIgniter\Exceptions\FrameworkException::forInvalidFile()
#1 D:\Projects\ATS\vendor\codeigniter4\framework\system\Common.php(1097): CodeIgniter\View\View->render()
#2 D:\Projects\ATS\app\Controllers\Panel.php(52): view()
#3 D:\Projects\ATS\vendor\codeigniter4\framework\system\CodeIgniter.php(824): App\Controllers\Panel->route_static()
#4 D:\Projects\ATS\vendor\codeigniter4\framework\system\CodeIgniter.php(410): CodeIgniter\CodeIgniter->runController()
#5 D:\Projects\ATS\vendor\codeigniter4\framework\system\CodeIgniter.php(318): CodeIgniter\CodeIgniter->handleRequest()
#6 D:\Projects\ATS\public\index.php(37): CodeIgniter\CodeIgniter->run()
#7 D:\Projects\ATS\vendor\codeigniter4\framework\system\Commands\Server\rewrite.php(43): require_once('...')
#8 {main}
CRITICAL - 2021-11-16 08:29:01 --> Undefined variable $user
#0 D:\Projects\ATS\app\Views\routeStatic.php(57): CodeIgniter\Debug\Exceptions->errorHandler()
#1 D:\Projects\ATS\vendor\codeigniter4\framework\system\View\View.php(214): include('...')
#2 D:\Projects\ATS\vendor\codeigniter4\framework\system\View\View.php(217): CodeIgniter\View\View->CodeIgniter\View\{closure}()
#3 D:\Projects\ATS\vendor\codeigniter4\framework\system\Common.php(1097): CodeIgniter\View\View->render()
#4 D:\Projects\ATS\app\Controllers\Panel.php(52): view()
#5 D:\Projects\ATS\vendor\codeigniter4\framework\system\CodeIgniter.php(824): App\Controllers\Panel->route_static()
#6 D:\Projects\ATS\vendor\codeigniter4\framework\system\CodeIgniter.php(410): CodeIgniter\CodeIgniter->runController()
#7 D:\Projects\ATS\vendor\codeigniter4\framework\system\CodeIgniter.php(318): CodeIgniter\CodeIgniter->handleRequest()
#8 D:\Projects\ATS\public\index.php(37): CodeIgniter\CodeIgniter->run()
#9 D:\Projects\ATS\vendor\codeigniter4\framework\system\Commands\Server\rewrite.php(43): require_once('...')
#10 {main}
