CRITICAL - 2021-11-17 11:29:28 --> Undefined variable $btoa
#0 /var/www/html/app/Views/include/script.php(487): CodeIgniter\Debug\Exceptions->errorHandler()
#1 /var/www/html/vendor/codeigniter4/framework/system/View/View.php(214): include('...')
#2 /var/www/html/vendor/codeigniter4/framework/system/View/View.php(217): CodeIgniter\View\View->CodeIgniter\View\{closure}()
#3 /var/www/html/vendor/codeigniter4/framework/system/Common.php(1097): CodeIgniter\View\View->render()
#4 /var/www/html/app/Views/welcome_message.php(103): view()
#5 /var/www/html/vendor/codeigniter4/framework/system/View/View.php(214): include('...')
#6 /var/www/html/vendor/codeigniter4/framework/system/View/View.php(217): CodeIgniter\View\View->CodeIgniter\View\{closure}()
#7 /var/www/html/vendor/codeigniter4/framework/system/Common.php(1097): CodeIgniter\View\View->render()
#8 /var/www/html/app/Controllers/Home.php(14): view()
#9 /var/www/html/vendor/codeigniter4/framework/system/CodeIgniter.php(824): App\Controllers\Home->index()
#10 /var/www/html/vendor/codeigniter4/framework/system/CodeIgniter.php(410): CodeIgniter\CodeIgniter->runController()
#11 /var/www/html/vendor/codeigniter4/framework/system/CodeIgniter.php(318): CodeIgniter\CodeIgniter->handleRequest()
#12 /var/www/html/public/index.php(37): CodeIgniter\CodeIgniter->run()
#13 {main}
CRITICAL - 2021-11-17 11:40:39 --> Undefined variable $btoa
#0 /var/www/html/app/Views/include/script.php(487): CodeIgniter\Debug\Exceptions->errorHandler()
#1 /var/www/html/vendor/codeigniter4/framework/system/View/View.php(214): include('...')
#2 /var/www/html/vendor/codeigniter4/framework/system/View/View.php(217): CodeIgniter\View\View->CodeIgniter\View\{closure}()
#3 /var/www/html/vendor/codeigniter4/framework/system/Common.php(1097): CodeIgniter\View\View->render()
#4 /var/www/html/app/Views/welcome_message.php(103): view()
#5 /var/www/html/vendor/codeigniter4/framework/system/View/View.php(214): include('...')
#6 /var/www/html/vendor/codeigniter4/framework/system/View/View.php(217): CodeIgniter\View\View->CodeIgniter\View\{closure}()
#7 /var/www/html/vendor/codeigniter4/framework/system/Common.php(1097): CodeIgniter\View\View->render()
#8 /var/www/html/app/Controllers/Home.php(14): view()
#9 /var/www/html/vendor/codeigniter4/framework/system/CodeIgniter.php(824): App\Controllers\Home->index()
#10 /var/www/html/vendor/codeigniter4/framework/system/CodeIgniter.php(410): CodeIgniter\CodeIgniter->runController()
#11 /var/www/html/vendor/codeigniter4/framework/system/CodeIgniter.php(318): CodeIgniter\CodeIgniter->handleRequest()
#12 /var/www/html/public/index.php(37): CodeIgniter\CodeIgniter->run()
#13 {main}
CRITICAL - 2021-11-17 11:41:42 --> Undefined variable $btoa
#0 /var/www/html/app/Views/include/script.php(487): CodeIgniter\Debug\Exceptions->errorHandler()
#1 /var/www/html/vendor/codeigniter4/framework/system/View/View.php(214): include('...')
#2 /var/www/html/vendor/codeigniter4/framework/system/View/View.php(217): CodeIgniter\View\View->CodeIgniter\View\{closure}()
#3 /var/www/html/vendor/codeigniter4/framework/system/Common.php(1097): CodeIgniter\View\View->render()
#4 /var/www/html/app/Views/welcome_message.php(103): view()
#5 /var/www/html/vendor/codeigniter4/framework/system/View/View.php(214): include('...')
#6 /var/www/html/vendor/codeigniter4/framework/system/View/View.php(217): CodeIgniter\View\View->CodeIgniter\View\{closure}()
#7 /var/www/html/vendor/codeigniter4/framework/system/Common.php(1097): CodeIgniter\View\View->render()
#8 /var/www/html/app/Controllers/Home.php(14): view()
#9 /var/www/html/vendor/codeigniter4/framework/system/CodeIgniter.php(824): App\Controllers\Home->index()
#10 /var/www/html/vendor/codeigniter4/framework/system/CodeIgniter.php(410): CodeIgniter\CodeIgniter->runController()
#11 /var/www/html/vendor/codeigniter4/framework/system/CodeIgniter.php(318): CodeIgniter\CodeIgniter->handleRequest()
#12 /var/www/html/public/index.php(37): CodeIgniter\CodeIgniter->run()
#13 {main}
CRITICAL - 2021-11-17 11:44:15 --> Undefined variable $btoa
#0 /var/www/html/app/Views/include/script.php(487): CodeIgniter\Debug\Exceptions->errorHandler()
#1 /var/www/html/vendor/codeigniter4/framework/system/View/View.php(214): include('...')
#2 /var/www/html/vendor/codeigniter4/framework/system/View/View.php(217): CodeIgniter\View\View->CodeIgniter\View\{closure}()
#3 /var/www/html/vendor/codeigniter4/framework/system/Common.php(1097): CodeIgniter\View\View->render()
#4 /var/www/html/app/Views/welcome_message.php(103): view()
#5 /var/www/html/vendor/codeigniter4/framework/system/View/View.php(214): include('...')
#6 /var/www/html/vendor/codeigniter4/framework/system/View/View.php(217): CodeIgniter\View\View->CodeIgniter\View\{closure}()
#7 /var/www/html/vendor/codeigniter4/framework/system/Common.php(1097): CodeIgniter\View\View->render()
#8 /var/www/html/app/Controllers/Home.php(14): view()
#9 /var/www/html/vendor/codeigniter4/framework/system/CodeIgniter.php(824): App\Controllers\Home->index()
#10 /var/www/html/vendor/codeigniter4/framework/system/CodeIgniter.php(410): CodeIgniter\CodeIgniter->runController()
#11 /var/www/html/vendor/codeigniter4/framework/system/CodeIgniter.php(318): CodeIgniter\CodeIgniter->handleRequest()
#12 /var/www/html/public/index.php(37): CodeIgniter\CodeIgniter->run()
#13 {main}
CRITICAL - 2021-11-17 11:45:33 --> Undefined variable $btoa
#0 /var/www/html/app/Views/include/script.php(487): CodeIgniter\Debug\Exceptions->errorHandler()
#1 /var/www/html/vendor/codeigniter4/framework/system/View/View.php(214): include('...')
#2 /var/www/html/vendor/codeigniter4/framework/system/View/View.php(217): CodeIgniter\View\View->CodeIgniter\View\{closure}()
#3 /var/www/html/vendor/codeigniter4/framework/system/Common.php(1097): CodeIgniter\View\View->render()
#4 /var/www/html/app/Views/welcome_message.php(103): view()
#5 /var/www/html/vendor/codeigniter4/framework/system/View/View.php(214): include('...')
#6 /var/www/html/vendor/codeigniter4/framework/system/View/View.php(217): CodeIgniter\View\View->CodeIgniter\View\{closure}()
#7 /var/www/html/vendor/codeigniter4/framework/system/Common.php(1097): CodeIgniter\View\View->render()
#8 /var/www/html/app/Controllers/Home.php(14): view()
#9 /var/www/html/vendor/codeigniter4/framework/system/CodeIgniter.php(824): App\Controllers\Home->index()
#10 /var/www/html/vendor/codeigniter4/framework/system/CodeIgniter.php(410): CodeIgniter\CodeIgniter->runController()
#11 /var/www/html/vendor/codeigniter4/framework/system/CodeIgniter.php(318): CodeIgniter\CodeIgniter->handleRequest()
#12 /var/www/html/public/index.php(37): CodeIgniter\CodeIgniter->run()
#13 {main}
CRITICAL - 2021-11-17 11:46:29 --> Undefined variable $btoa
#0 /var/www/html/app/Views/include/script.php(487): CodeIgniter\Debug\Exceptions->errorHandler()
#1 /var/www/html/vendor/codeigniter4/framework/system/View/View.php(214): include('...')
#2 /var/www/html/vendor/codeigniter4/framework/system/View/View.php(217): CodeIgniter\View\View->CodeIgniter\View\{closure}()
#3 /var/www/html/vendor/codeigniter4/framework/system/Common.php(1097): CodeIgniter\View\View->render()
#4 /var/www/html/app/Views/welcome_message.php(103): view()
#5 /var/www/html/vendor/codeigniter4/framework/system/View/View.php(214): include('...')
#6 /var/www/html/vendor/codeigniter4/framework/system/View/View.php(217): CodeIgniter\View\View->CodeIgniter\View\{closure}()
#7 /var/www/html/vendor/codeigniter4/framework/system/Common.php(1097): CodeIgniter\View\View->render()
#8 /var/www/html/app/Controllers/Home.php(14): view()
#9 /var/www/html/vendor/codeigniter4/framework/system/CodeIgniter.php(824): App\Controllers\Home->index()
#10 /var/www/html/vendor/codeigniter4/framework/system/CodeIgniter.php(410): CodeIgniter\CodeIgniter->runController()
#11 /var/www/html/vendor/codeigniter4/framework/system/CodeIgniter.php(318): CodeIgniter\CodeIgniter->handleRequest()
#12 /var/www/html/public/index.php(37): CodeIgniter\CodeIgniter->run()
#13 {main}
CRITICAL - 2021-11-17 11:46:45 --> Undefined variable $btoa
#0 /var/www/html/app/Views/include/script.php(487): CodeIgniter\Debug\Exceptions->errorHandler()
#1 /var/www/html/vendor/codeigniter4/framework/system/View/View.php(214): include('...')
#2 /var/www/html/vendor/codeigniter4/framework/system/View/View.php(217): CodeIgniter\View\View->CodeIgniter\View\{closure}()
#3 /var/www/html/vendor/codeigniter4/framework/system/Common.php(1097): CodeIgniter\View\View->render()
#4 /var/www/html/app/Views/welcome_message.php(103): view()
#5 /var/www/html/vendor/codeigniter4/framework/system/View/View.php(214): include('...')
#6 /var/www/html/vendor/codeigniter4/framework/system/View/View.php(217): CodeIgniter\View\View->CodeIgniter\View\{closure}()
#7 /var/www/html/vendor/codeigniter4/framework/system/Common.php(1097): CodeIgniter\View\View->render()
#8 /var/www/html/app/Controllers/Home.php(14): view()
#9 /var/www/html/vendor/codeigniter4/framework/system/CodeIgniter.php(824): App\Controllers\Home->index()
#10 /var/www/html/vendor/codeigniter4/framework/system/CodeIgniter.php(410): CodeIgniter\CodeIgniter->runController()
#11 /var/www/html/vendor/codeigniter4/framework/system/CodeIgniter.php(318): CodeIgniter\CodeIgniter->handleRequest()
#12 /var/www/html/public/index.php(37): CodeIgniter\CodeIgniter->run()
#13 {main}
CRITICAL - 2021-11-17 11:46:51 --> Undefined variable $btoa
#0 /var/www/html/app/Views/include/script.php(487): CodeIgniter\Debug\Exceptions->errorHandler()
#1 /var/www/html/vendor/codeigniter4/framework/system/View/View.php(214): include('...')
#2 /var/www/html/vendor/codeigniter4/framework/system/View/View.php(217): CodeIgniter\View\View->CodeIgniter\View\{closure}()
#3 /var/www/html/vendor/codeigniter4/framework/system/Common.php(1097): CodeIgniter\View\View->render()
#4 /var/www/html/app/Views/welcome_message.php(103): view()
#5 /var/www/html/vendor/codeigniter4/framework/system/View/View.php(214): include('...')
#6 /var/www/html/vendor/codeigniter4/framework/system/View/View.php(217): CodeIgniter\View\View->CodeIgniter\View\{closure}()
#7 /var/www/html/vendor/codeigniter4/framework/system/Common.php(1097): CodeIgniter\View\View->render()
#8 /var/www/html/app/Controllers/Home.php(14): view()
#9 /var/www/html/vendor/codeigniter4/framework/system/CodeIgniter.php(824): App\Controllers\Home->index()
#10 /var/www/html/vendor/codeigniter4/framework/system/CodeIgniter.php(410): CodeIgniter\CodeIgniter->runController()
#11 /var/www/html/vendor/codeigniter4/framework/system/CodeIgniter.php(318): CodeIgniter\CodeIgniter->handleRequest()
#12 /var/www/html/public/index.php(37): CodeIgniter\CodeIgniter->run()
#13 {main}
CRITICAL - 2021-11-17 11:48:18 --> Undefined variable $btoa
#0 /var/www/html/app/Views/include/script.php(487): CodeIgniter\Debug\Exceptions->errorHandler()
#1 /var/www/html/vendor/codeigniter4/framework/system/View/View.php(214): include('...')
#2 /var/www/html/vendor/codeigniter4/framework/system/View/View.php(217): CodeIgniter\View\View->CodeIgniter\View\{closure}()
#3 /var/www/html/vendor/codeigniter4/framework/system/Common.php(1097): CodeIgniter\View\View->render()
#4 /var/www/html/app/Views/welcome_message.php(103): view()
#5 /var/www/html/vendor/codeigniter4/framework/system/View/View.php(214): include('...')
#6 /var/www/html/vendor/codeigniter4/framework/system/View/View.php(217): CodeIgniter\View\View->CodeIgniter\View\{closure}()
#7 /var/www/html/vendor/codeigniter4/framework/system/Common.php(1097): CodeIgniter\View\View->render()
#8 /var/www/html/app/Controllers/Home.php(14): view()
#9 /var/www/html/vendor/codeigniter4/framework/system/CodeIgniter.php(824): App\Controllers\Home->index()
#10 /var/www/html/vendor/codeigniter4/framework/system/CodeIgniter.php(410): CodeIgniter\CodeIgniter->runController()
#11 /var/www/html/vendor/codeigniter4/framework/system/CodeIgniter.php(318): CodeIgniter\CodeIgniter->handleRequest()
#12 /var/www/html/public/index.php(37): CodeIgniter\CodeIgniter->run()
#13 {main}
ERROR - 2021-11-17 11:48:18 --> Duplicate entry '1s7jm6rs3sl4ut0534s3lbab62bhae75' for key 'PRIMARY'
CRITICAL - 2021-11-17 11:48:19 --> Undefined variable $btoa
#0 /var/www/html/app/Views/include/script.php(487): CodeIgniter\Debug\Exceptions->errorHandler()
#1 /var/www/html/vendor/codeigniter4/framework/system/View/View.php(214): include('...')
#2 /var/www/html/vendor/codeigniter4/framework/system/View/View.php(217): CodeIgniter\View\View->CodeIgniter\View\{closure}()
#3 /var/www/html/vendor/codeigniter4/framework/system/Common.php(1097): CodeIgniter\View\View->render()
#4 /var/www/html/app/Views/welcome_message.php(103): view()
#5 /var/www/html/vendor/codeigniter4/framework/system/View/View.php(214): include('...')
#6 /var/www/html/vendor/codeigniter4/framework/system/View/View.php(217): CodeIgniter\View\View->CodeIgniter\View\{closure}()
#7 /var/www/html/vendor/codeigniter4/framework/system/Common.php(1097): CodeIgniter\View\View->render()
#8 /var/www/html/app/Controllers/Home.php(14): view()
#9 /var/www/html/vendor/codeigniter4/framework/system/CodeIgniter.php(824): App\Controllers\Home->index()
#10 /var/www/html/vendor/codeigniter4/framework/system/CodeIgniter.php(410): CodeIgniter\CodeIgniter->runController()
#11 /var/www/html/vendor/codeigniter4/framework/system/CodeIgniter.php(318): CodeIgniter\CodeIgniter->handleRequest()
#12 /var/www/html/public/index.php(37): CodeIgniter\CodeIgniter->run()
#13 {main}
ERROR - 2021-11-17 11:48:19 --> Duplicate entry '1s7jm6rs3sl4ut0534s3lbab62bhae75' for key 'PRIMARY'
CRITICAL - 2021-11-17 11:52:19 --> Undefined variable $btoa
#0 /var/www/html/app/Views/include/script.php(487): CodeIgniter\Debug\Exceptions->errorHandler()
#1 /var/www/html/vendor/codeigniter4/framework/system/View/View.php(214): include('...')
#2 /var/www/html/vendor/codeigniter4/framework/system/View/View.php(217): CodeIgniter\View\View->CodeIgniter\View\{closure}()
#3 /var/www/html/vendor/codeigniter4/framework/system/Common.php(1097): CodeIgniter\View\View->render()
#4 /var/www/html/app/Views/welcome_message.php(103): view()
#5 /var/www/html/vendor/codeigniter4/framework/system/View/View.php(214): include('...')
#6 /var/www/html/vendor/codeigniter4/framework/system/View/View.php(217): CodeIgniter\View\View->CodeIgniter\View\{closure}()
#7 /var/www/html/vendor/codeigniter4/framework/system/Common.php(1097): CodeIgniter\View\View->render()
#8 /var/www/html/app/Controllers/Home.php(14): view()
#9 /var/www/html/vendor/codeigniter4/framework/system/CodeIgniter.php(824): App\Controllers\Home->index()
#10 /var/www/html/vendor/codeigniter4/framework/system/CodeIgniter.php(410): CodeIgniter\CodeIgniter->runController()
#11 /var/www/html/vendor/codeigniter4/framework/system/CodeIgniter.php(318): CodeIgniter\CodeIgniter->handleRequest()
#12 /var/www/html/public/index.php(37): CodeIgniter\CodeIgniter->run()
#13 {main}
CRITICAL - 2021-11-17 11:52:48 --> Undefined variable $btoa
#0 /var/www/html/app/Views/include/script.php(487): CodeIgniter\Debug\Exceptions->errorHandler()
#1 /var/www/html/vendor/codeigniter4/framework/system/View/View.php(214): include('...')
#2 /var/www/html/vendor/codeigniter4/framework/system/View/View.php(217): CodeIgniter\View\View->CodeIgniter\View\{closure}()
#3 /var/www/html/vendor/codeigniter4/framework/system/Common.php(1097): CodeIgniter\View\View->render()
#4 /var/www/html/app/Views/welcome_message.php(103): view()
#5 /var/www/html/vendor/codeigniter4/framework/system/View/View.php(214): include('...')
#6 /var/www/html/vendor/codeigniter4/framework/system/View/View.php(217): CodeIgniter\View\View->CodeIgniter\View\{closure}()
#7 /var/www/html/vendor/codeigniter4/framework/system/Common.php(1097): CodeIgniter\View\View->render()
#8 /var/www/html/app/Controllers/Home.php(14): view()
#9 /var/www/html/vendor/codeigniter4/framework/system/CodeIgniter.php(824): App\Controllers\Home->index()
#10 /var/www/html/vendor/codeigniter4/framework/system/CodeIgniter.php(410): CodeIgniter\CodeIgniter->runController()
#11 /var/www/html/vendor/codeigniter4/framework/system/CodeIgniter.php(318): CodeIgniter\CodeIgniter->handleRequest()
#12 /var/www/html/public/index.php(37): CodeIgniter\CodeIgniter->run()
#13 {main}
ERROR - 2021-11-17 11:52:48 --> Duplicate entry 'ogj6gvsmm76u0e04l6nvheidvu2bts5g' for key 'PRIMARY'
CRITICAL - 2021-11-17 11:53:01 --> Undefined variable $btoa
#0 /var/www/html/app/Views/include/script.php(487): CodeIgniter\Debug\Exceptions->errorHandler()
#1 /var/www/html/vendor/codeigniter4/framework/system/View/View.php(214): include('...')
#2 /var/www/html/vendor/codeigniter4/framework/system/View/View.php(217): CodeIgniter\View\View->CodeIgniter\View\{closure}()
#3 /var/www/html/vendor/codeigniter4/framework/system/Common.php(1097): CodeIgniter\View\View->render()
#4 /var/www/html/app/Views/welcome_message.php(103): view()
#5 /var/www/html/vendor/codeigniter4/framework/system/View/View.php(214): include('...')
#6 /var/www/html/vendor/codeigniter4/framework/system/View/View.php(217): CodeIgniter\View\View->CodeIgniter\View\{closure}()
#7 /var/www/html/vendor/codeigniter4/framework/system/Common.php(1097): CodeIgniter\View\View->render()
#8 /var/www/html/app/Controllers/Home.php(14): view()
#9 /var/www/html/vendor/codeigniter4/framework/system/CodeIgniter.php(824): App\Controllers\Home->index()
#10 /var/www/html/vendor/codeigniter4/framework/system/CodeIgniter.php(410): CodeIgniter\CodeIgniter->runController()
#11 /var/www/html/vendor/codeigniter4/framework/system/CodeIgniter.php(318): CodeIgniter\CodeIgniter->handleRequest()
#12 /var/www/html/public/index.php(37): CodeIgniter\CodeIgniter->run()
#13 {main}
CRITICAL - 2021-11-17 11:53:46 --> Undefined variable $btoa
#0 /var/www/html/app/Views/include/script.php(487): CodeIgniter\Debug\Exceptions->errorHandler()
#1 /var/www/html/vendor/codeigniter4/framework/system/View/View.php(214): include('...')
#2 /var/www/html/vendor/codeigniter4/framework/system/View/View.php(217): CodeIgniter\View\View->CodeIgniter\View\{closure}()
#3 /var/www/html/vendor/codeigniter4/framework/system/Common.php(1097): CodeIgniter\View\View->render()
#4 /var/www/html/app/Views/welcome_message.php(103): view()
#5 /var/www/html/vendor/codeigniter4/framework/system/View/View.php(214): include('...')
#6 /var/www/html/vendor/codeigniter4/framework/system/View/View.php(217): CodeIgniter\View\View->CodeIgniter\View\{closure}()
#7 /var/www/html/vendor/codeigniter4/framework/system/Common.php(1097): CodeIgniter\View\View->render()
#8 /var/www/html/app/Controllers/Home.php(14): view()
#9 /var/www/html/vendor/codeigniter4/framework/system/CodeIgniter.php(824): App\Controllers\Home->index()
#10 /var/www/html/vendor/codeigniter4/framework/system/CodeIgniter.php(410): CodeIgniter\CodeIgniter->runController()
#11 /var/www/html/vendor/codeigniter4/framework/system/CodeIgniter.php(318): CodeIgniter\CodeIgniter->handleRequest()
#12 /var/www/html/public/index.php(37): CodeIgniter\CodeIgniter->run()
#13 {main}
CRITICAL - 2021-11-17 11:54:15 --> Undefined variable $btoa
#0 /var/www/html/app/Views/include/script.php(487): CodeIgniter\Debug\Exceptions->errorHandler()
#1 /var/www/html/vendor/codeigniter4/framework/system/View/View.php(214): include('...')
#2 /var/www/html/vendor/codeigniter4/framework/system/View/View.php(217): CodeIgniter\View\View->CodeIgniter\View\{closure}()
#3 /var/www/html/vendor/codeigniter4/framework/system/Common.php(1097): CodeIgniter\View\View->render()
#4 /var/www/html/app/Views/welcome_message.php(103): view()
#5 /var/www/html/vendor/codeigniter4/framework/system/View/View.php(214): include('...')
#6 /var/www/html/vendor/codeigniter4/framework/system/View/View.php(217): CodeIgniter\View\View->CodeIgniter\View\{closure}()
#7 /var/www/html/vendor/codeigniter4/framework/system/Common.php(1097): CodeIgniter\View\View->render()
#8 /var/www/html/app/Controllers/Home.php(14): view()
#9 /var/www/html/vendor/codeigniter4/framework/system/CodeIgniter.php(824): App\Controllers\Home->index()
#10 /var/www/html/vendor/codeigniter4/framework/system/CodeIgniter.php(410): CodeIgniter\CodeIgniter->runController()
#11 /var/www/html/vendor/codeigniter4/framework/system/CodeIgniter.php(318): CodeIgniter\CodeIgniter->handleRequest()
#12 /var/www/html/public/index.php(37): CodeIgniter\CodeIgniter->run()
#13 {main}
CRITICAL - 2021-11-17 11:54:20 --> Undefined variable $btoa
#0 /var/www/html/app/Views/include/script.php(487): CodeIgniter\Debug\Exceptions->errorHandler()
#1 /var/www/html/vendor/codeigniter4/framework/system/View/View.php(214): include('...')
#2 /var/www/html/vendor/codeigniter4/framework/system/View/View.php(217): CodeIgniter\View\View->CodeIgniter\View\{closure}()
#3 /var/www/html/vendor/codeigniter4/framework/system/Common.php(1097): CodeIgniter\View\View->render()
#4 /var/www/html/app/Views/welcome_message.php(103): view()
#5 /var/www/html/vendor/codeigniter4/framework/system/View/View.php(214): include('...')
#6 /var/www/html/vendor/codeigniter4/framework/system/View/View.php(217): CodeIgniter\View\View->CodeIgniter\View\{closure}()
#7 /var/www/html/vendor/codeigniter4/framework/system/Common.php(1097): CodeIgniter\View\View->render()
#8 /var/www/html/app/Controllers/Home.php(14): view()
#9 /var/www/html/vendor/codeigniter4/framework/system/CodeIgniter.php(824): App\Controllers\Home->index()
#10 /var/www/html/vendor/codeigniter4/framework/system/CodeIgniter.php(410): CodeIgniter\CodeIgniter->runController()
#11 /var/www/html/vendor/codeigniter4/framework/system/CodeIgniter.php(318): CodeIgniter\CodeIgniter->handleRequest()
#12 /var/www/html/public/index.php(37): CodeIgniter\CodeIgniter->run()
#13 {main}
CRITICAL - 2021-11-17 11:56:27 --> Undefined variable $btoa
#0 /var/www/html/app/Views/include/script.php(487): CodeIgniter\Debug\Exceptions->errorHandler()
#1 /var/www/html/vendor/codeigniter4/framework/system/View/View.php(214): include('...')
#2 /var/www/html/vendor/codeigniter4/framework/system/View/View.php(217): CodeIgniter\View\View->CodeIgniter\View\{closure}()
#3 /var/www/html/vendor/codeigniter4/framework/system/Common.php(1097): CodeIgniter\View\View->render()
#4 /var/www/html/app/Views/welcome_message.php(103): view()
#5 /var/www/html/vendor/codeigniter4/framework/system/View/View.php(214): include('...')
#6 /var/www/html/vendor/codeigniter4/framework/system/View/View.php(217): CodeIgniter\View\View->CodeIgniter\View\{closure}()
#7 /var/www/html/vendor/codeigniter4/framework/system/Common.php(1097): CodeIgniter\View\View->render()
#8 /var/www/html/app/Controllers/Home.php(14): view()
#9 /var/www/html/vendor/codeigniter4/framework/system/CodeIgniter.php(824): App\Controllers\Home->index()
#10 /var/www/html/vendor/codeigniter4/framework/system/CodeIgniter.php(410): CodeIgniter\CodeIgniter->runController()
#11 /var/www/html/vendor/codeigniter4/framework/system/CodeIgniter.php(318): CodeIgniter\CodeIgniter->handleRequest()
#12 /var/www/html/public/index.php(37): CodeIgniter\CodeIgniter->run()
#13 {main}
CRITICAL - 2021-11-17 11:58:08 --> Undefined variable $btoa
#0 /var/www/html/app/Views/include/script.php(487): CodeIgniter\Debug\Exceptions->errorHandler()
#1 /var/www/html/vendor/codeigniter4/framework/system/View/View.php(214): include('...')
#2 /var/www/html/vendor/codeigniter4/framework/system/View/View.php(217): CodeIgniter\View\View->CodeIgniter\View\{closure}()
#3 /var/www/html/vendor/codeigniter4/framework/system/Common.php(1097): CodeIgniter\View\View->render()
#4 /var/www/html/app/Views/welcome_message.php(103): view()
#5 /var/www/html/vendor/codeigniter4/framework/system/View/View.php(214): include('...')
#6 /var/www/html/vendor/codeigniter4/framework/system/View/View.php(217): CodeIgniter\View\View->CodeIgniter\View\{closure}()
#7 /var/www/html/vendor/codeigniter4/framework/system/Common.php(1097): CodeIgniter\View\View->render()
#8 /var/www/html/app/Controllers/Home.php(14): view()
#9 /var/www/html/vendor/codeigniter4/framework/system/CodeIgniter.php(824): App\Controllers\Home->index()
#10 /var/www/html/vendor/codeigniter4/framework/system/CodeIgniter.php(410): CodeIgniter\CodeIgniter->runController()
#11 /var/www/html/vendor/codeigniter4/framework/system/CodeIgniter.php(318): CodeIgniter\CodeIgniter->handleRequest()
#12 /var/www/html/public/index.php(37): CodeIgniter\CodeIgniter->run()
#13 {main}
CRITICAL - 2021-11-17 11:59:23 --> Undefined variable $btoa
#0 /var/www/html/app/Views/include/script.php(487): CodeIgniter\Debug\Exceptions->errorHandler()
#1 /var/www/html/vendor/codeigniter4/framework/system/View/View.php(214): include('...')
#2 /var/www/html/vendor/codeigniter4/framework/system/View/View.php(217): CodeIgniter\View\View->CodeIgniter\View\{closure}()
#3 /var/www/html/vendor/codeigniter4/framework/system/Common.php(1097): CodeIgniter\View\View->render()
#4 /var/www/html/app/Views/welcome_message.php(103): view()
#5 /var/www/html/vendor/codeigniter4/framework/system/View/View.php(214): include('...')
#6 /var/www/html/vendor/codeigniter4/framework/system/View/View.php(217): CodeIgniter\View\View->CodeIgniter\View\{closure}()
#7 /var/www/html/vendor/codeigniter4/framework/system/Common.php(1097): CodeIgniter\View\View->render()
#8 /var/www/html/app/Controllers/Home.php(14): view()
#9 /var/www/html/vendor/codeigniter4/framework/system/CodeIgniter.php(824): App\Controllers\Home->index()
#10 /var/www/html/vendor/codeigniter4/framework/system/CodeIgniter.php(410): CodeIgniter\CodeIgniter->runController()
#11 /var/www/html/vendor/codeigniter4/framework/system/CodeIgniter.php(318): CodeIgniter\CodeIgniter->handleRequest()
#12 /var/www/html/public/index.php(37): CodeIgniter\CodeIgniter->run()
#13 {main}
CRITICAL - 2021-11-17 12:20:26 --> Undefined variable $btoa
#0 /var/www/html/app/Views/include/script.php(487): CodeIgniter\Debug\Exceptions->errorHandler()
#1 /var/www/html/vendor/codeigniter4/framework/system/View/View.php(214): include('...')
#2 /var/www/html/vendor/codeigniter4/framework/system/View/View.php(217): CodeIgniter\View\View->CodeIgniter\View\{closure}()
#3 /var/www/html/vendor/codeigniter4/framework/system/Common.php(1097): CodeIgniter\View\View->render()
#4 /var/www/html/app/Views/welcome_message.php(103): view()
#5 /var/www/html/vendor/codeigniter4/framework/system/View/View.php(214): include('...')
#6 /var/www/html/vendor/codeigniter4/framework/system/View/View.php(217): CodeIgniter\View\View->CodeIgniter\View\{closure}()
#7 /var/www/html/vendor/codeigniter4/framework/system/Common.php(1097): CodeIgniter\View\View->render()
#8 /var/www/html/app/Controllers/Home.php(14): view()
#9 /var/www/html/vendor/codeigniter4/framework/system/CodeIgniter.php(824): App\Controllers\Home->index()
#10 /var/www/html/vendor/codeigniter4/framework/system/CodeIgniter.php(410): CodeIgniter\CodeIgniter->runController()
#11 /var/www/html/vendor/codeigniter4/framework/system/CodeIgniter.php(318): CodeIgniter\CodeIgniter->handleRequest()
#12 /var/www/html/public/index.php(37): CodeIgniter\CodeIgniter->run()
#13 {main}
CRITICAL - 2021-11-17 12:23:08 --> Undefined variable $btoa
#0 /var/www/html/app/Views/include/script.php(487): CodeIgniter\Debug\Exceptions->errorHandler()
#1 /var/www/html/vendor/codeigniter4/framework/system/View/View.php(214): include('...')
#2 /var/www/html/vendor/codeigniter4/framework/system/View/View.php(217): CodeIgniter\View\View->CodeIgniter\View\{closure}()
#3 /var/www/html/vendor/codeigniter4/framework/system/Common.php(1097): CodeIgniter\View\View->render()
#4 /var/www/html/app/Views/welcome_message.php(103): view()
#5 /var/www/html/vendor/codeigniter4/framework/system/View/View.php(214): include('...')
#6 /var/www/html/vendor/codeigniter4/framework/system/View/View.php(217): CodeIgniter\View\View->CodeIgniter\View\{closure}()
#7 /var/www/html/vendor/codeigniter4/framework/system/Common.php(1097): CodeIgniter\View\View->render()
#8 /var/www/html/app/Controllers/Home.php(14): view()
#9 /var/www/html/vendor/codeigniter4/framework/system/CodeIgniter.php(824): App\Controllers\Home->index()
#10 /var/www/html/vendor/codeigniter4/framework/system/CodeIgniter.php(410): CodeIgniter\CodeIgniter->runController()
#11 /var/www/html/vendor/codeigniter4/framework/system/CodeIgniter.php(318): CodeIgniter\CodeIgniter->handleRequest()
#12 /var/www/html/public/index.php(37): CodeIgniter\CodeIgniter->run()
#13 {main}
CRITICAL - 2021-11-17 12:23:11 --> Undefined variable $btoa
#0 /var/www/html/app/Views/include/script.php(487): CodeIgniter\Debug\Exceptions->errorHandler()
#1 /var/www/html/vendor/codeigniter4/framework/system/View/View.php(214): include('...')
#2 /var/www/html/vendor/codeigniter4/framework/system/View/View.php(217): CodeIgniter\View\View->CodeIgniter\View\{closure}()
#3 /var/www/html/vendor/codeigniter4/framework/system/Common.php(1097): CodeIgniter\View\View->render()
#4 /var/www/html/app/Views/welcome_message.php(103): view()
#5 /var/www/html/vendor/codeigniter4/framework/system/View/View.php(214): include('...')
#6 /var/www/html/vendor/codeigniter4/framework/system/View/View.php(217): CodeIgniter\View\View->CodeIgniter\View\{closure}()
#7 /var/www/html/vendor/codeigniter4/framework/system/Common.php(1097): CodeIgniter\View\View->render()
#8 /var/www/html/app/Controllers/Home.php(14): view()
#9 /var/www/html/vendor/codeigniter4/framework/system/CodeIgniter.php(824): App\Controllers\Home->index()
#10 /var/www/html/vendor/codeigniter4/framework/system/CodeIgniter.php(410): CodeIgniter\CodeIgniter->runController()
#11 /var/www/html/vendor/codeigniter4/framework/system/CodeIgniter.php(318): CodeIgniter\CodeIgniter->handleRequest()
#12 /var/www/html/public/index.php(37): CodeIgniter\CodeIgniter->run()
#13 {main}
CRITICAL - 2021-11-17 12:23:17 --> Undefined variable $btoa
#0 /var/www/html/app/Views/include/script.php(487): CodeIgniter\Debug\Exceptions->errorHandler()
#1 /var/www/html/vendor/codeigniter4/framework/system/View/View.php(214): include('...')
#2 /var/www/html/vendor/codeigniter4/framework/system/View/View.php(217): CodeIgniter\View\View->CodeIgniter\View\{closure}()
#3 /var/www/html/vendor/codeigniter4/framework/system/Common.php(1097): CodeIgniter\View\View->render()
#4 /var/www/html/app/Views/welcome_message.php(103): view()
#5 /var/www/html/vendor/codeigniter4/framework/system/View/View.php(214): include('...')
#6 /var/www/html/vendor/codeigniter4/framework/system/View/View.php(217): CodeIgniter\View\View->CodeIgniter\View\{closure}()
#7 /var/www/html/vendor/codeigniter4/framework/system/Common.php(1097): CodeIgniter\View\View->render()
#8 /var/www/html/app/Controllers/Home.php(14): view()
#9 /var/www/html/vendor/codeigniter4/framework/system/CodeIgniter.php(824): App\Controllers\Home->index()
#10 /var/www/html/vendor/codeigniter4/framework/system/CodeIgniter.php(410): CodeIgniter\CodeIgniter->runController()
#11 /var/www/html/vendor/codeigniter4/framework/system/CodeIgniter.php(318): CodeIgniter\CodeIgniter->handleRequest()
#12 /var/www/html/public/index.php(37): CodeIgniter\CodeIgniter->run()
#13 {main}
CRITICAL - 2021-11-17 12:23:49 --> Undefined variable $btoa
#0 /var/www/html/app/Views/include/script.php(487): CodeIgniter\Debug\Exceptions->errorHandler()
#1 /var/www/html/vendor/codeigniter4/framework/system/View/View.php(214): include('...')
#2 /var/www/html/vendor/codeigniter4/framework/system/View/View.php(217): CodeIgniter\View\View->CodeIgniter\View\{closure}()
#3 /var/www/html/vendor/codeigniter4/framework/system/Common.php(1097): CodeIgniter\View\View->render()
#4 /var/www/html/app/Views/welcome_message.php(103): view()
#5 /var/www/html/vendor/codeigniter4/framework/system/View/View.php(214): include('...')
#6 /var/www/html/vendor/codeigniter4/framework/system/View/View.php(217): CodeIgniter\View\View->CodeIgniter\View\{closure}()
#7 /var/www/html/vendor/codeigniter4/framework/system/Common.php(1097): CodeIgniter\View\View->render()
#8 /var/www/html/app/Controllers/Home.php(14): view()
#9 /var/www/html/vendor/codeigniter4/framework/system/CodeIgniter.php(824): App\Controllers\Home->index()
#10 /var/www/html/vendor/codeigniter4/framework/system/CodeIgniter.php(410): CodeIgniter\CodeIgniter->runController()
#11 /var/www/html/vendor/codeigniter4/framework/system/CodeIgniter.php(318): CodeIgniter\CodeIgniter->handleRequest()
#12 /var/www/html/public/index.php(37): CodeIgniter\CodeIgniter->run()
#13 {main}
CRITICAL - 2021-11-17 12:24:42 --> Undefined variable $btoa
#0 /var/www/html/app/Views/include/script.php(487): CodeIgniter\Debug\Exceptions->errorHandler()
#1 /var/www/html/vendor/codeigniter4/framework/system/View/View.php(214): include('...')
#2 /var/www/html/vendor/codeigniter4/framework/system/View/View.php(217): CodeIgniter\View\View->CodeIgniter\View\{closure}()
#3 /var/www/html/vendor/codeigniter4/framework/system/Common.php(1097): CodeIgniter\View\View->render()
#4 /var/www/html/app/Views/welcome_message.php(103): view()
#5 /var/www/html/vendor/codeigniter4/framework/system/View/View.php(214): include('...')
#6 /var/www/html/vendor/codeigniter4/framework/system/View/View.php(217): CodeIgniter\View\View->CodeIgniter\View\{closure}()
#7 /var/www/html/vendor/codeigniter4/framework/system/Common.php(1097): CodeIgniter\View\View->render()
#8 /var/www/html/app/Controllers/Home.php(14): view()
#9 /var/www/html/vendor/codeigniter4/framework/system/CodeIgniter.php(824): App\Controllers\Home->index()
#10 /var/www/html/vendor/codeigniter4/framework/system/CodeIgniter.php(410): CodeIgniter\CodeIgniter->runController()
#11 /var/www/html/vendor/codeigniter4/framework/system/CodeIgniter.php(318): CodeIgniter\CodeIgniter->handleRequest()
#12 /var/www/html/public/index.php(37): CodeIgniter\CodeIgniter->run()
#13 {main}
ERROR - 2021-11-17 12:24:42 --> Duplicate entry 'h4e5jvpjj630opjlj0rm2qai0l7usqnd' for key 'PRIMARY'
CRITICAL - 2021-11-17 12:25:04 --> Undefined variable $btoa
#0 /var/www/html/app/Views/include/script.php(487): CodeIgniter\Debug\Exceptions->errorHandler()
#1 /var/www/html/vendor/codeigniter4/framework/system/View/View.php(214): include('...')
#2 /var/www/html/vendor/codeigniter4/framework/system/View/View.php(217): CodeIgniter\View\View->CodeIgniter\View\{closure}()
#3 /var/www/html/vendor/codeigniter4/framework/system/Common.php(1097): CodeIgniter\View\View->render()
#4 /var/www/html/app/Views/welcome_message.php(103): view()
#5 /var/www/html/vendor/codeigniter4/framework/system/View/View.php(214): include('...')
#6 /var/www/html/vendor/codeigniter4/framework/system/View/View.php(217): CodeIgniter\View\View->CodeIgniter\View\{closure}()
#7 /var/www/html/vendor/codeigniter4/framework/system/Common.php(1097): CodeIgniter\View\View->render()
#8 /var/www/html/app/Controllers/Home.php(14): view()
#9 /var/www/html/vendor/codeigniter4/framework/system/CodeIgniter.php(824): App\Controllers\Home->index()
#10 /var/www/html/vendor/codeigniter4/framework/system/CodeIgniter.php(410): CodeIgniter\CodeIgniter->runController()
#11 /var/www/html/vendor/codeigniter4/framework/system/CodeIgniter.php(318): CodeIgniter\CodeIgniter->handleRequest()
#12 /var/www/html/public/index.php(37): CodeIgniter\CodeIgniter->run()
#13 {main}
ERROR - 2021-11-17 12:25:04 --> Duplicate entry 'id84th9aut9f8gqi8hseil1uc8v56g1u' for key 'PRIMARY'
CRITICAL - 2021-11-17 12:25:06 --> Undefined variable $btoa
#0 /var/www/html/app/Views/include/script.php(487): CodeIgniter\Debug\Exceptions->errorHandler()
#1 /var/www/html/vendor/codeigniter4/framework/system/View/View.php(214): include('...')
#2 /var/www/html/vendor/codeigniter4/framework/system/View/View.php(217): CodeIgniter\View\View->CodeIgniter\View\{closure}()
#3 /var/www/html/vendor/codeigniter4/framework/system/Common.php(1097): CodeIgniter\View\View->render()
#4 /var/www/html/app/Views/welcome_message.php(103): view()
#5 /var/www/html/vendor/codeigniter4/framework/system/View/View.php(214): include('...')
#6 /var/www/html/vendor/codeigniter4/framework/system/View/View.php(217): CodeIgniter\View\View->CodeIgniter\View\{closure}()
#7 /var/www/html/vendor/codeigniter4/framework/system/Common.php(1097): CodeIgniter\View\View->render()
#8 /var/www/html/app/Controllers/Home.php(14): view()
#9 /var/www/html/vendor/codeigniter4/framework/system/CodeIgniter.php(824): App\Controllers\Home->index()
#10 /var/www/html/vendor/codeigniter4/framework/system/CodeIgniter.php(410): CodeIgniter\CodeIgniter->runController()
#11 /var/www/html/vendor/codeigniter4/framework/system/CodeIgniter.php(318): CodeIgniter\CodeIgniter->handleRequest()
#12 /var/www/html/public/index.php(37): CodeIgniter\CodeIgniter->run()
#13 {main}
ERROR - 2021-11-17 12:25:06 --> Duplicate entry 'id84th9aut9f8gqi8hseil1uc8v56g1u' for key 'PRIMARY'
CRITICAL - 2021-11-17 12:25:16 --> Undefined variable $btoa
#0 /var/www/html/app/Views/include/script.php(487): CodeIgniter\Debug\Exceptions->errorHandler()
#1 /var/www/html/vendor/codeigniter4/framework/system/View/View.php(214): include('...')
#2 /var/www/html/vendor/codeigniter4/framework/system/View/View.php(217): CodeIgniter\View\View->CodeIgniter\View\{closure}()
#3 /var/www/html/vendor/codeigniter4/framework/system/Common.php(1097): CodeIgniter\View\View->render()
#4 /var/www/html/app/Views/welcome_message.php(103): view()
#5 /var/www/html/vendor/codeigniter4/framework/system/View/View.php(214): include('...')
#6 /var/www/html/vendor/codeigniter4/framework/system/View/View.php(217): CodeIgniter\View\View->CodeIgniter\View\{closure}()
#7 /var/www/html/vendor/codeigniter4/framework/system/Common.php(1097): CodeIgniter\View\View->render()
#8 /var/www/html/app/Controllers/Home.php(14): view()
#9 /var/www/html/vendor/codeigniter4/framework/system/CodeIgniter.php(824): App\Controllers\Home->index()
#10 /var/www/html/vendor/codeigniter4/framework/system/CodeIgniter.php(410): CodeIgniter\CodeIgniter->runController()
#11 /var/www/html/vendor/codeigniter4/framework/system/CodeIgniter.php(318): CodeIgniter\CodeIgniter->handleRequest()
#12 /var/www/html/public/index.php(37): CodeIgniter\CodeIgniter->run()
#13 {main}
ERROR - 2021-11-17 12:25:16 --> Duplicate entry 'id84th9aut9f8gqi8hseil1uc8v56g1u' for key 'PRIMARY'
CRITICAL - 2021-11-17 12:25:20 --> Undefined variable $btoa
#0 /var/www/html/app/Views/include/script.php(487): CodeIgniter\Debug\Exceptions->errorHandler()
#1 /var/www/html/vendor/codeigniter4/framework/system/View/View.php(214): include('...')
#2 /var/www/html/vendor/codeigniter4/framework/system/View/View.php(217): CodeIgniter\View\View->CodeIgniter\View\{closure}()
#3 /var/www/html/vendor/codeigniter4/framework/system/Common.php(1097): CodeIgniter\View\View->render()
#4 /var/www/html/app/Views/welcome_message.php(103): view()
#5 /var/www/html/vendor/codeigniter4/framework/system/View/View.php(214): include('...')
#6 /var/www/html/vendor/codeigniter4/framework/system/View/View.php(217): CodeIgniter\View\View->CodeIgniter\View\{closure}()
#7 /var/www/html/vendor/codeigniter4/framework/system/Common.php(1097): CodeIgniter\View\View->render()
#8 /var/www/html/app/Controllers/Home.php(14): view()
#9 /var/www/html/vendor/codeigniter4/framework/system/CodeIgniter.php(824): App\Controllers\Home->index()
#10 /var/www/html/vendor/codeigniter4/framework/system/CodeIgniter.php(410): CodeIgniter\CodeIgniter->runController()
#11 /var/www/html/vendor/codeigniter4/framework/system/CodeIgniter.php(318): CodeIgniter\CodeIgniter->handleRequest()
#12 /var/www/html/public/index.php(37): CodeIgniter\CodeIgniter->run()
#13 {main}
ERROR - 2021-11-17 12:25:20 --> Duplicate entry 'h4e5jvpjj630opjlj0rm2qai0l7usqnd' for key 'PRIMARY'
ERROR - 2021-11-17 12:26:13 --> Duplicate entry 'h4e5jvpjj630opjlj0rm2qai0l7usqnd' for key 'PRIMARY'
CRITICAL - 2021-11-17 12:26:13 --> Undefined variable $btoa
#0 /var/www/html/app/Views/include/script.php(487): CodeIgniter\Debug\Exceptions->errorHandler()
#1 /var/www/html/vendor/codeigniter4/framework/system/View/View.php(214): include('...')
#2 /var/www/html/vendor/codeigniter4/framework/system/View/View.php(217): CodeIgniter\View\View->CodeIgniter\View\{closure}()
#3 /var/www/html/vendor/codeigniter4/framework/system/Common.php(1097): CodeIgniter\View\View->render()
#4 /var/www/html/app/Views/welcome_message.php(103): view()
#5 /var/www/html/vendor/codeigniter4/framework/system/View/View.php(214): include('...')
#6 /var/www/html/vendor/codeigniter4/framework/system/View/View.php(217): CodeIgniter\View\View->CodeIgniter\View\{closure}()
#7 /var/www/html/vendor/codeigniter4/framework/system/Common.php(1097): CodeIgniter\View\View->render()
#8 /var/www/html/app/Controllers/Home.php(14): view()
#9 /var/www/html/vendor/codeigniter4/framework/system/CodeIgniter.php(824): App\Controllers\Home->index()
#10 /var/www/html/vendor/codeigniter4/framework/system/CodeIgniter.php(410): CodeIgniter\CodeIgniter->runController()
#11 /var/www/html/vendor/codeigniter4/framework/system/CodeIgniter.php(318): CodeIgniter\CodeIgniter->handleRequest()
#12 /var/www/html/public/index.php(37): CodeIgniter\CodeIgniter->run()
#13 {main}
ERROR - 2021-11-17 12:26:13 --> Duplicate entry 'h4e5jvpjj630opjlj0rm2qai0l7usqnd' for key 'PRIMARY'
ERROR - 2021-11-17 12:26:17 --> Duplicate entry 'h4e5jvpjj630opjlj0rm2qai0l7usqnd' for key 'PRIMARY'
CRITICAL - 2021-11-17 12:26:17 --> Undefined variable $btoa
#0 /var/www/html/app/Views/include/script.php(487): CodeIgniter\Debug\Exceptions->errorHandler()
#1 /var/www/html/vendor/codeigniter4/framework/system/View/View.php(214): include('...')
#2 /var/www/html/vendor/codeigniter4/framework/system/View/View.php(217): CodeIgniter\View\View->CodeIgniter\View\{closure}()
#3 /var/www/html/vendor/codeigniter4/framework/system/Common.php(1097): CodeIgniter\View\View->render()
#4 /var/www/html/app/Views/welcome_message.php(103): view()
#5 /var/www/html/vendor/codeigniter4/framework/system/View/View.php(214): include('...')
#6 /var/www/html/vendor/codeigniter4/framework/system/View/View.php(217): CodeIgniter\View\View->CodeIgniter\View\{closure}()
#7 /var/www/html/vendor/codeigniter4/framework/system/Common.php(1097): CodeIgniter\View\View->render()
#8 /var/www/html/app/Controllers/Home.php(14): view()
#9 /var/www/html/vendor/codeigniter4/framework/system/CodeIgniter.php(824): App\Controllers\Home->index()
#10 /var/www/html/vendor/codeigniter4/framework/system/CodeIgniter.php(410): CodeIgniter\CodeIgniter->runController()
#11 /var/www/html/vendor/codeigniter4/framework/system/CodeIgniter.php(318): CodeIgniter\CodeIgniter->handleRequest()
#12 /var/www/html/public/index.php(37): CodeIgniter\CodeIgniter->run()
#13 {main}
ERROR - 2021-11-17 12:26:17 --> Duplicate entry 'h4e5jvpjj630opjlj0rm2qai0l7usqnd' for key 'PRIMARY'
ERROR - 2021-11-17 12:26:18 --> Duplicate entry 'h4e5jvpjj630opjlj0rm2qai0l7usqnd' for key 'PRIMARY'
CRITICAL - 2021-11-17 12:26:18 --> Undefined variable $btoa
#0 /var/www/html/app/Views/include/script.php(487): CodeIgniter\Debug\Exceptions->errorHandler()
#1 /var/www/html/vendor/codeigniter4/framework/system/View/View.php(214): include('...')
#2 /var/www/html/vendor/codeigniter4/framework/system/View/View.php(217): CodeIgniter\View\View->CodeIgniter\View\{closure}()
#3 /var/www/html/vendor/codeigniter4/framework/system/Common.php(1097): CodeIgniter\View\View->render()
#4 /var/www/html/app/Views/welcome_message.php(103): view()
#5 /var/www/html/vendor/codeigniter4/framework/system/View/View.php(214): include('...')
#6 /var/www/html/vendor/codeigniter4/framework/system/View/View.php(217): CodeIgniter\View\View->CodeIgniter\View\{closure}()
#7 /var/www/html/vendor/codeigniter4/framework/system/Common.php(1097): CodeIgniter\View\View->render()
#8 /var/www/html/app/Controllers/Home.php(14): view()
#9 /var/www/html/vendor/codeigniter4/framework/system/CodeIgniter.php(824): App\Controllers\Home->index()
#10 /var/www/html/vendor/codeigniter4/framework/system/CodeIgniter.php(410): CodeIgniter\CodeIgniter->runController()
#11 /var/www/html/vendor/codeigniter4/framework/system/CodeIgniter.php(318): CodeIgniter\CodeIgniter->handleRequest()
#12 /var/www/html/public/index.php(37): CodeIgniter\CodeIgniter->run()
#13 {main}
ERROR - 2021-11-17 12:26:18 --> Duplicate entry 'h4e5jvpjj630opjlj0rm2qai0l7usqnd' for key 'PRIMARY'
ERROR - 2021-11-17 12:26:20 --> Duplicate entry 'h4e5jvpjj630opjlj0rm2qai0l7usqnd' for key 'PRIMARY'
CRITICAL - 2021-11-17 12:26:20 --> Undefined variable $btoa
#0 /var/www/html/app/Views/include/script.php(487): CodeIgniter\Debug\Exceptions->errorHandler()
#1 /var/www/html/vendor/codeigniter4/framework/system/View/View.php(214): include('...')
#2 /var/www/html/vendor/codeigniter4/framework/system/View/View.php(217): CodeIgniter\View\View->CodeIgniter\View\{closure}()
#3 /var/www/html/vendor/codeigniter4/framework/system/Common.php(1097): CodeIgniter\View\View->render()
#4 /var/www/html/app/Views/welcome_message.php(103): view()
#5 /var/www/html/vendor/codeigniter4/framework/system/View/View.php(214): include('...')
#6 /var/www/html/vendor/codeigniter4/framework/system/View/View.php(217): CodeIgniter\View\View->CodeIgniter\View\{closure}()
#7 /var/www/html/vendor/codeigniter4/framework/system/Common.php(1097): CodeIgniter\View\View->render()
#8 /var/www/html/app/Controllers/Home.php(14): view()
#9 /var/www/html/vendor/codeigniter4/framework/system/CodeIgniter.php(824): App\Controllers\Home->index()
#10 /var/www/html/vendor/codeigniter4/framework/system/CodeIgniter.php(410): CodeIgniter\CodeIgniter->runController()
#11 /var/www/html/vendor/codeigniter4/framework/system/CodeIgniter.php(318): CodeIgniter\CodeIgniter->handleRequest()
#12 /var/www/html/public/index.php(37): CodeIgniter\CodeIgniter->run()
#13 {main}
ERROR - 2021-11-17 12:26:20 --> Duplicate entry 'h4e5jvpjj630opjlj0rm2qai0l7usqnd' for key 'PRIMARY'
ERROR - 2021-11-17 12:26:21 --> Duplicate entry 'h4e5jvpjj630opjlj0rm2qai0l7usqnd' for key 'PRIMARY'
CRITICAL - 2021-11-17 12:26:21 --> Undefined variable $btoa
#0 /var/www/html/app/Views/include/script.php(487): CodeIgniter\Debug\Exceptions->errorHandler()
#1 /var/www/html/vendor/codeigniter4/framework/system/View/View.php(214): include('...')
#2 /var/www/html/vendor/codeigniter4/framework/system/View/View.php(217): CodeIgniter\View\View->CodeIgniter\View\{closure}()
#3 /var/www/html/vendor/codeigniter4/framework/system/Common.php(1097): CodeIgniter\View\View->render()
#4 /var/www/html/app/Views/welcome_message.php(103): view()
#5 /var/www/html/vendor/codeigniter4/framework/system/View/View.php(214): include('...')
#6 /var/www/html/vendor/codeigniter4/framework/system/View/View.php(217): CodeIgniter\View\View->CodeIgniter\View\{closure}()
#7 /var/www/html/vendor/codeigniter4/framework/system/Common.php(1097): CodeIgniter\View\View->render()
#8 /var/www/html/app/Controllers/Home.php(14): view()
#9 /var/www/html/vendor/codeigniter4/framework/system/CodeIgniter.php(824): App\Controllers\Home->index()
#10 /var/www/html/vendor/codeigniter4/framework/system/CodeIgniter.php(410): CodeIgniter\CodeIgniter->runController()
#11 /var/www/html/vendor/codeigniter4/framework/system/CodeIgniter.php(318): CodeIgniter\CodeIgniter->handleRequest()
#12 /var/www/html/public/index.php(37): CodeIgniter\CodeIgniter->run()
#13 {main}
ERROR - 2021-11-17 12:26:21 --> Duplicate entry 'h4e5jvpjj630opjlj0rm2qai0l7usqnd' for key 'PRIMARY'
ERROR - 2021-11-17 12:26:24 --> Duplicate entry 'h4e5jvpjj630opjlj0rm2qai0l7usqnd' for key 'PRIMARY'
CRITICAL - 2021-11-17 12:26:24 --> Undefined variable $btoa
#0 /var/www/html/app/Views/include/script.php(487): CodeIgniter\Debug\Exceptions->errorHandler()
#1 /var/www/html/vendor/codeigniter4/framework/system/View/View.php(214): include('...')
#2 /var/www/html/vendor/codeigniter4/framework/system/View/View.php(217): CodeIgniter\View\View->CodeIgniter\View\{closure}()
#3 /var/www/html/vendor/codeigniter4/framework/system/Common.php(1097): CodeIgniter\View\View->render()
#4 /var/www/html/app/Views/welcome_message.php(103): view()
#5 /var/www/html/vendor/codeigniter4/framework/system/View/View.php(214): include('...')
#6 /var/www/html/vendor/codeigniter4/framework/system/View/View.php(217): CodeIgniter\View\View->CodeIgniter\View\{closure}()
#7 /var/www/html/vendor/codeigniter4/framework/system/Common.php(1097): CodeIgniter\View\View->render()
#8 /var/www/html/app/Controllers/Home.php(14): view()
#9 /var/www/html/vendor/codeigniter4/framework/system/CodeIgniter.php(824): App\Controllers\Home->index()
#10 /var/www/html/vendor/codeigniter4/framework/system/CodeIgniter.php(410): CodeIgniter\CodeIgniter->runController()
#11 /var/www/html/vendor/codeigniter4/framework/system/CodeIgniter.php(318): CodeIgniter\CodeIgniter->handleRequest()
#12 /var/www/html/public/index.php(37): CodeIgniter\CodeIgniter->run()
#13 {main}
ERROR - 2021-11-17 12:26:24 --> Duplicate entry 'h4e5jvpjj630opjlj0rm2qai0l7usqnd' for key 'PRIMARY'
CRITICAL - 2021-11-17 12:31:01 --> Undefined variable $btoa
#0 /var/www/html/app/Views/include/script.php(487): CodeIgniter\Debug\Exceptions->errorHandler()
#1 /var/www/html/vendor/codeigniter4/framework/system/View/View.php(214): include('...')
#2 /var/www/html/vendor/codeigniter4/framework/system/View/View.php(217): CodeIgniter\View\View->CodeIgniter\View\{closure}()
#3 /var/www/html/vendor/codeigniter4/framework/system/Common.php(1097): CodeIgniter\View\View->render()
#4 /var/www/html/app/Views/welcome_message.php(103): view()
#5 /var/www/html/vendor/codeigniter4/framework/system/View/View.php(214): include('...')
#6 /var/www/html/vendor/codeigniter4/framework/system/View/View.php(217): CodeIgniter\View\View->CodeIgniter\View\{closure}()
#7 /var/www/html/vendor/codeigniter4/framework/system/Common.php(1097): CodeIgniter\View\View->render()
#8 /var/www/html/app/Controllers/Home.php(14): view()
#9 /var/www/html/vendor/codeigniter4/framework/system/CodeIgniter.php(824): App\Controllers\Home->index()
#10 /var/www/html/vendor/codeigniter4/framework/system/CodeIgniter.php(410): CodeIgniter\CodeIgniter->runController()
#11 /var/www/html/vendor/codeigniter4/framework/system/CodeIgniter.php(318): CodeIgniter\CodeIgniter->handleRequest()
#12 /var/www/html/public/index.php(37): CodeIgniter\CodeIgniter->run()
#13 {main}
CRITICAL - 2021-11-17 12:36:37 --> Undefined variable $btoa
#0 /var/www/html/app/Views/include/script.php(487): CodeIgniter\Debug\Exceptions->errorHandler()
#1 /var/www/html/vendor/codeigniter4/framework/system/View/View.php(214): include('...')
#2 /var/www/html/vendor/codeigniter4/framework/system/View/View.php(217): CodeIgniter\View\View->CodeIgniter\View\{closure}()
#3 /var/www/html/vendor/codeigniter4/framework/system/Common.php(1097): CodeIgniter\View\View->render()
#4 /var/www/html/app/Views/welcome_message.php(103): view()
#5 /var/www/html/vendor/codeigniter4/framework/system/View/View.php(214): include('...')
#6 /var/www/html/vendor/codeigniter4/framework/system/View/View.php(217): CodeIgniter\View\View->CodeIgniter\View\{closure}()
#7 /var/www/html/vendor/codeigniter4/framework/system/Common.php(1097): CodeIgniter\View\View->render()
#8 /var/www/html/app/Controllers/Home.php(14): view()
#9 /var/www/html/vendor/codeigniter4/framework/system/CodeIgniter.php(824): App\Controllers\Home->index()
#10 /var/www/html/vendor/codeigniter4/framework/system/CodeIgniter.php(410): CodeIgniter\CodeIgniter->runController()
#11 /var/www/html/vendor/codeigniter4/framework/system/CodeIgniter.php(318): CodeIgniter\CodeIgniter->handleRequest()
#12 /var/www/html/public/index.php(37): CodeIgniter\CodeIgniter->run()
#13 {main}
CRITICAL - 2021-11-17 12:38:40 --> Undefined variable $btoa
#0 /var/www/html/app/Views/include/script.php(487): CodeIgniter\Debug\Exceptions->errorHandler()
#1 /var/www/html/vendor/codeigniter4/framework/system/View/View.php(214): include('...')
#2 /var/www/html/vendor/codeigniter4/framework/system/View/View.php(217): CodeIgniter\View\View->CodeIgniter\View\{closure}()
#3 /var/www/html/vendor/codeigniter4/framework/system/Common.php(1097): CodeIgniter\View\View->render()
#4 /var/www/html/app/Views/welcome_message.php(103): view()
#5 /var/www/html/vendor/codeigniter4/framework/system/View/View.php(214): include('...')
#6 /var/www/html/vendor/codeigniter4/framework/system/View/View.php(217): CodeIgniter\View\View->CodeIgniter\View\{closure}()
#7 /var/www/html/vendor/codeigniter4/framework/system/Common.php(1097): CodeIgniter\View\View->render()
#8 /var/www/html/app/Controllers/Home.php(14): view()
#9 /var/www/html/vendor/codeigniter4/framework/system/CodeIgniter.php(824): App\Controllers\Home->index()
#10 /var/www/html/vendor/codeigniter4/framework/system/CodeIgniter.php(410): CodeIgniter\CodeIgniter->runController()
#11 /var/www/html/vendor/codeigniter4/framework/system/CodeIgniter.php(318): CodeIgniter\CodeIgniter->handleRequest()
#12 /var/www/html/public/index.php(37): CodeIgniter\CodeIgniter->run()
#13 {main}
CRITICAL - 2021-11-17 12:41:02 --> Undefined variable $btoa
#0 /var/www/html/app/Views/include/script.php(487): CodeIgniter\Debug\Exceptions->errorHandler()
#1 /var/www/html/vendor/codeigniter4/framework/system/View/View.php(214): include('...')
#2 /var/www/html/vendor/codeigniter4/framework/system/View/View.php(217): CodeIgniter\View\View->CodeIgniter\View\{closure}()
#3 /var/www/html/vendor/codeigniter4/framework/system/Common.php(1097): CodeIgniter\View\View->render()
#4 /var/www/html/app/Views/welcome_message.php(103): view()
#5 /var/www/html/vendor/codeigniter4/framework/system/View/View.php(214): include('...')
#6 /var/www/html/vendor/codeigniter4/framework/system/View/View.php(217): CodeIgniter\View\View->CodeIgniter\View\{closure}()
#7 /var/www/html/vendor/codeigniter4/framework/system/Common.php(1097): CodeIgniter\View\View->render()
#8 /var/www/html/app/Controllers/Home.php(14): view()
#9 /var/www/html/vendor/codeigniter4/framework/system/CodeIgniter.php(824): App\Controllers\Home->index()
#10 /var/www/html/vendor/codeigniter4/framework/system/CodeIgniter.php(410): CodeIgniter\CodeIgniter->runController()
#11 /var/www/html/vendor/codeigniter4/framework/system/CodeIgniter.php(318): CodeIgniter\CodeIgniter->handleRequest()
#12 /var/www/html/public/index.php(37): CodeIgniter\CodeIgniter->run()
#13 {main}
CRITICAL - 2021-11-17 12:41:03 --> Undefined variable $btoa
#0 /var/www/html/app/Views/include/script.php(487): CodeIgniter\Debug\Exceptions->errorHandler()
#1 /var/www/html/vendor/codeigniter4/framework/system/View/View.php(214): include('...')
#2 /var/www/html/vendor/codeigniter4/framework/system/View/View.php(217): CodeIgniter\View\View->CodeIgniter\View\{closure}()
#3 /var/www/html/vendor/codeigniter4/framework/system/Common.php(1097): CodeIgniter\View\View->render()
#4 /var/www/html/app/Views/welcome_message.php(103): view()
#5 /var/www/html/vendor/codeigniter4/framework/system/View/View.php(214): include('...')
#6 /var/www/html/vendor/codeigniter4/framework/system/View/View.php(217): CodeIgniter\View\View->CodeIgniter\View\{closure}()
#7 /var/www/html/vendor/codeigniter4/framework/system/Common.php(1097): CodeIgniter\View\View->render()
#8 /var/www/html/app/Controllers/Home.php(14): view()
#9 /var/www/html/vendor/codeigniter4/framework/system/CodeIgniter.php(824): App\Controllers\Home->index()
#10 /var/www/html/vendor/codeigniter4/framework/system/CodeIgniter.php(410): CodeIgniter\CodeIgniter->runController()
#11 /var/www/html/vendor/codeigniter4/framework/system/CodeIgniter.php(318): CodeIgniter\CodeIgniter->handleRequest()
#12 /var/www/html/public/index.php(37): CodeIgniter\CodeIgniter->run()
#13 {main}
CRITICAL - 2021-11-17 12:44:24 --> Undefined variable $btoa
#0 /var/www/html/app/Views/include/script.php(487): CodeIgniter\Debug\Exceptions->errorHandler()
#1 /var/www/html/vendor/codeigniter4/framework/system/View/View.php(214): include('...')
#2 /var/www/html/vendor/codeigniter4/framework/system/View/View.php(217): CodeIgniter\View\View->CodeIgniter\View\{closure}()
#3 /var/www/html/vendor/codeigniter4/framework/system/Common.php(1097): CodeIgniter\View\View->render()
#4 /var/www/html/app/Views/welcome_message.php(103): view()
#5 /var/www/html/vendor/codeigniter4/framework/system/View/View.php(214): include('...')
#6 /var/www/html/vendor/codeigniter4/framework/system/View/View.php(217): CodeIgniter\View\View->CodeIgniter\View\{closure}()
#7 /var/www/html/vendor/codeigniter4/framework/system/Common.php(1097): CodeIgniter\View\View->render()
#8 /var/www/html/app/Controllers/Home.php(14): view()
#9 /var/www/html/vendor/codeigniter4/framework/system/CodeIgniter.php(824): App\Controllers\Home->index()
#10 /var/www/html/vendor/codeigniter4/framework/system/CodeIgniter.php(410): CodeIgniter\CodeIgniter->runController()
#11 /var/www/html/vendor/codeigniter4/framework/system/CodeIgniter.php(318): CodeIgniter\CodeIgniter->handleRequest()
#12 /var/www/html/public/index.php(37): CodeIgniter\CodeIgniter->run()
#13 {main}
CRITICAL - 2021-11-17 12:48:45 --> Undefined variable $btoa
#0 /var/www/html/app/Views/include/script.php(487): CodeIgniter\Debug\Exceptions->errorHandler()
#1 /var/www/html/vendor/codeigniter4/framework/system/View/View.php(214): include('...')
#2 /var/www/html/vendor/codeigniter4/framework/system/View/View.php(217): CodeIgniter\View\View->CodeIgniter\View\{closure}()
#3 /var/www/html/vendor/codeigniter4/framework/system/Common.php(1097): CodeIgniter\View\View->render()
#4 /var/www/html/app/Views/welcome_message.php(103): view()
#5 /var/www/html/vendor/codeigniter4/framework/system/View/View.php(214): include('...')
#6 /var/www/html/vendor/codeigniter4/framework/system/View/View.php(217): CodeIgniter\View\View->CodeIgniter\View\{closure}()
#7 /var/www/html/vendor/codeigniter4/framework/system/Common.php(1097): CodeIgniter\View\View->render()
#8 /var/www/html/app/Controllers/Home.php(14): view()
#9 /var/www/html/vendor/codeigniter4/framework/system/CodeIgniter.php(824): App\Controllers\Home->index()
#10 /var/www/html/vendor/codeigniter4/framework/system/CodeIgniter.php(410): CodeIgniter\CodeIgniter->runController()
#11 /var/www/html/vendor/codeigniter4/framework/system/CodeIgniter.php(318): CodeIgniter\CodeIgniter->handleRequest()
#12 /var/www/html/public/index.php(37): CodeIgniter\CodeIgniter->run()
#13 {main}
CRITICAL - 2021-11-17 12:57:43 --> Undefined variable $btoa
#0 /var/www/html/app/Views/include/script.php(487): CodeIgniter\Debug\Exceptions->errorHandler()
#1 /var/www/html/vendor/codeigniter4/framework/system/View/View.php(214): include('...')
#2 /var/www/html/vendor/codeigniter4/framework/system/View/View.php(217): CodeIgniter\View\View->CodeIgniter\View\{closure}()
#3 /var/www/html/vendor/codeigniter4/framework/system/Common.php(1097): CodeIgniter\View\View->render()
#4 /var/www/html/app/Views/welcome_message.php(103): view()
#5 /var/www/html/vendor/codeigniter4/framework/system/View/View.php(214): include('...')
#6 /var/www/html/vendor/codeigniter4/framework/system/View/View.php(217): CodeIgniter\View\View->CodeIgniter\View\{closure}()
#7 /var/www/html/vendor/codeigniter4/framework/system/Common.php(1097): CodeIgniter\View\View->render()
#8 /var/www/html/app/Controllers/Home.php(14): view()
#9 /var/www/html/vendor/codeigniter4/framework/system/CodeIgniter.php(824): App\Controllers\Home->index()
#10 /var/www/html/vendor/codeigniter4/framework/system/CodeIgniter.php(410): CodeIgniter\CodeIgniter->runController()
#11 /var/www/html/vendor/codeigniter4/framework/system/CodeIgniter.php(318): CodeIgniter\CodeIgniter->handleRequest()
#12 /var/www/html/public/index.php(37): CodeIgniter\CodeIgniter->run()
#13 {main}
CRITICAL - 2021-11-17 12:59:30 --> Undefined variable $btoa
#0 /var/www/html/app/Views/include/script.php(487): CodeIgniter\Debug\Exceptions->errorHandler()
#1 /var/www/html/vendor/codeigniter4/framework/system/View/View.php(214): include('...')
#2 /var/www/html/vendor/codeigniter4/framework/system/View/View.php(217): CodeIgniter\View\View->CodeIgniter\View\{closure}()
#3 /var/www/html/vendor/codeigniter4/framework/system/Common.php(1097): CodeIgniter\View\View->render()
#4 /var/www/html/app/Views/welcome_message.php(103): view()
#5 /var/www/html/vendor/codeigniter4/framework/system/View/View.php(214): include('...')
#6 /var/www/html/vendor/codeigniter4/framework/system/View/View.php(217): CodeIgniter\View\View->CodeIgniter\View\{closure}()
#7 /var/www/html/vendor/codeigniter4/framework/system/Common.php(1097): CodeIgniter\View\View->render()
#8 /var/www/html/app/Controllers/Home.php(14): view()
#9 /var/www/html/vendor/codeigniter4/framework/system/CodeIgniter.php(824): App\Controllers\Home->index()
#10 /var/www/html/vendor/codeigniter4/framework/system/CodeIgniter.php(410): CodeIgniter\CodeIgniter->runController()
#11 /var/www/html/vendor/codeigniter4/framework/system/CodeIgniter.php(318): CodeIgniter\CodeIgniter->handleRequest()
#12 /var/www/html/public/index.php(37): CodeIgniter\CodeIgniter->run()
#13 {main}
CRITICAL - 2021-11-17 12:59:34 --> Undefined variable $btoa
#0 /var/www/html/app/Views/include/script.php(487): CodeIgniter\Debug\Exceptions->errorHandler()
#1 /var/www/html/vendor/codeigniter4/framework/system/View/View.php(214): include('...')
#2 /var/www/html/vendor/codeigniter4/framework/system/View/View.php(217): CodeIgniter\View\View->CodeIgniter\View\{closure}()
#3 /var/www/html/vendor/codeigniter4/framework/system/Common.php(1097): CodeIgniter\View\View->render()
#4 /var/www/html/app/Views/welcome_message.php(103): view()
#5 /var/www/html/vendor/codeigniter4/framework/system/View/View.php(214): include('...')
#6 /var/www/html/vendor/codeigniter4/framework/system/View/View.php(217): CodeIgniter\View\View->CodeIgniter\View\{closure}()
#7 /var/www/html/vendor/codeigniter4/framework/system/Common.php(1097): CodeIgniter\View\View->render()
#8 /var/www/html/app/Controllers/Home.php(14): view()
#9 /var/www/html/vendor/codeigniter4/framework/system/CodeIgniter.php(824): App\Controllers\Home->index()
#10 /var/www/html/vendor/codeigniter4/framework/system/CodeIgniter.php(410): CodeIgniter\CodeIgniter->runController()
#11 /var/www/html/vendor/codeigniter4/framework/system/CodeIgniter.php(318): CodeIgniter\CodeIgniter->handleRequest()
#12 /var/www/html/public/index.php(37): CodeIgniter\CodeIgniter->run()
#13 {main}
CRITICAL - 2021-11-17 13:01:52 --> Undefined variable $btoa
#0 /var/www/html/app/Views/include/script.php(487): CodeIgniter\Debug\Exceptions->errorHandler()
#1 /var/www/html/vendor/codeigniter4/framework/system/View/View.php(214): include('...')
#2 /var/www/html/vendor/codeigniter4/framework/system/View/View.php(217): CodeIgniter\View\View->CodeIgniter\View\{closure}()
#3 /var/www/html/vendor/codeigniter4/framework/system/Common.php(1097): CodeIgniter\View\View->render()
#4 /var/www/html/app/Views/welcome_message.php(103): view()
#5 /var/www/html/vendor/codeigniter4/framework/system/View/View.php(214): include('...')
#6 /var/www/html/vendor/codeigniter4/framework/system/View/View.php(217): CodeIgniter\View\View->CodeIgniter\View\{closure}()
#7 /var/www/html/vendor/codeigniter4/framework/system/Common.php(1097): CodeIgniter\View\View->render()
#8 /var/www/html/app/Controllers/Home.php(14): view()
#9 /var/www/html/vendor/codeigniter4/framework/system/CodeIgniter.php(824): App\Controllers\Home->index()
#10 /var/www/html/vendor/codeigniter4/framework/system/CodeIgniter.php(410): CodeIgniter\CodeIgniter->runController()
#11 /var/www/html/vendor/codeigniter4/framework/system/CodeIgniter.php(318): CodeIgniter\CodeIgniter->handleRequest()
#12 /var/www/html/public/index.php(37): CodeIgniter\CodeIgniter->run()
#13 {main}
CRITICAL - 2021-11-17 13:01:53 --> Undefined variable $btoa
#0 /var/www/html/app/Views/include/script.php(487): CodeIgniter\Debug\Exceptions->errorHandler()
#1 /var/www/html/vendor/codeigniter4/framework/system/View/View.php(214): include('...')
#2 /var/www/html/vendor/codeigniter4/framework/system/View/View.php(217): CodeIgniter\View\View->CodeIgniter\View\{closure}()
#3 /var/www/html/vendor/codeigniter4/framework/system/Common.php(1097): CodeIgniter\View\View->render()
#4 /var/www/html/app/Views/welcome_message.php(103): view()
#5 /var/www/html/vendor/codeigniter4/framework/system/View/View.php(214): include('...')
#6 /var/www/html/vendor/codeigniter4/framework/system/View/View.php(217): CodeIgniter\View\View->CodeIgniter\View\{closure}()
#7 /var/www/html/vendor/codeigniter4/framework/system/Common.php(1097): CodeIgniter\View\View->render()
#8 /var/www/html/app/Controllers/Home.php(14): view()
#9 /var/www/html/vendor/codeigniter4/framework/system/CodeIgniter.php(824): App\Controllers\Home->index()
#10 /var/www/html/vendor/codeigniter4/framework/system/CodeIgniter.php(410): CodeIgniter\CodeIgniter->runController()
#11 /var/www/html/vendor/codeigniter4/framework/system/CodeIgniter.php(318): CodeIgniter\CodeIgniter->handleRequest()
#12 /var/www/html/public/index.php(37): CodeIgniter\CodeIgniter->run()
#13 {main}
CRITICAL - 2021-11-17 13:05:32 --> Undefined variable $btoa
#0 /var/www/html/app/Views/include/script.php(487): CodeIgniter\Debug\Exceptions->errorHandler()
#1 /var/www/html/vendor/codeigniter4/framework/system/View/View.php(214): include('...')
#2 /var/www/html/vendor/codeigniter4/framework/system/View/View.php(217): CodeIgniter\View\View->CodeIgniter\View\{closure}()
#3 /var/www/html/vendor/codeigniter4/framework/system/Common.php(1097): CodeIgniter\View\View->render()
#4 /var/www/html/app/Views/welcome_message.php(103): view()
#5 /var/www/html/vendor/codeigniter4/framework/system/View/View.php(214): include('...')
#6 /var/www/html/vendor/codeigniter4/framework/system/View/View.php(217): CodeIgniter\View\View->CodeIgniter\View\{closure}()
#7 /var/www/html/vendor/codeigniter4/framework/system/Common.php(1097): CodeIgniter\View\View->render()
#8 /var/www/html/app/Controllers/Home.php(14): view()
#9 /var/www/html/vendor/codeigniter4/framework/system/CodeIgniter.php(824): App\Controllers\Home->index()
#10 /var/www/html/vendor/codeigniter4/framework/system/CodeIgniter.php(410): CodeIgniter\CodeIgniter->runController()
#11 /var/www/html/vendor/codeigniter4/framework/system/CodeIgniter.php(318): CodeIgniter\CodeIgniter->handleRequest()
#12 /var/www/html/public/index.php(37): CodeIgniter\CodeIgniter->run()
#13 {main}
CRITICAL - 2021-11-17 13:17:58 --> Undefined variable $btoa
#0 /var/www/html/app/Views/include/script.php(487): CodeIgniter\Debug\Exceptions->errorHandler()
#1 /var/www/html/vendor/codeigniter4/framework/system/View/View.php(214): include('...')
#2 /var/www/html/vendor/codeigniter4/framework/system/View/View.php(217): CodeIgniter\View\View->CodeIgniter\View\{closure}()
#3 /var/www/html/vendor/codeigniter4/framework/system/Common.php(1097): CodeIgniter\View\View->render()
#4 /var/www/html/app/Views/welcome_message.php(103): view()
#5 /var/www/html/vendor/codeigniter4/framework/system/View/View.php(214): include('...')
#6 /var/www/html/vendor/codeigniter4/framework/system/View/View.php(217): CodeIgniter\View\View->CodeIgniter\View\{closure}()
#7 /var/www/html/vendor/codeigniter4/framework/system/Common.php(1097): CodeIgniter\View\View->render()
#8 /var/www/html/app/Controllers/Home.php(14): view()
#9 /var/www/html/vendor/codeigniter4/framework/system/CodeIgniter.php(824): App\Controllers\Home->index()
#10 /var/www/html/vendor/codeigniter4/framework/system/CodeIgniter.php(410): CodeIgniter\CodeIgniter->runController()
#11 /var/www/html/vendor/codeigniter4/framework/system/CodeIgniter.php(318): CodeIgniter\CodeIgniter->handleRequest()
#12 /var/www/html/public/index.php(37): CodeIgniter\CodeIgniter->run()
#13 {main}
CRITICAL - 2021-11-17 13:21:36 --> Undefined variable $btoa
#0 /var/www/html/app/Views/include/script.php(487): CodeIgniter\Debug\Exceptions->errorHandler()
#1 /var/www/html/vendor/codeigniter4/framework/system/View/View.php(214): include('...')
#2 /var/www/html/vendor/codeigniter4/framework/system/View/View.php(217): CodeIgniter\View\View->CodeIgniter\View\{closure}()
#3 /var/www/html/vendor/codeigniter4/framework/system/Common.php(1097): CodeIgniter\View\View->render()
#4 /var/www/html/app/Views/welcome_message.php(103): view()
#5 /var/www/html/vendor/codeigniter4/framework/system/View/View.php(214): include('...')
#6 /var/www/html/vendor/codeigniter4/framework/system/View/View.php(217): CodeIgniter\View\View->CodeIgniter\View\{closure}()
#7 /var/www/html/vendor/codeigniter4/framework/system/Common.php(1097): CodeIgniter\View\View->render()
#8 /var/www/html/app/Controllers/Home.php(14): view()
#9 /var/www/html/vendor/codeigniter4/framework/system/CodeIgniter.php(824): App\Controllers\Home->index()
#10 /var/www/html/vendor/codeigniter4/framework/system/CodeIgniter.php(410): CodeIgniter\CodeIgniter->runController()
#11 /var/www/html/vendor/codeigniter4/framework/system/CodeIgniter.php(318): CodeIgniter\CodeIgniter->handleRequest()
#12 /var/www/html/public/index.php(37): CodeIgniter\CodeIgniter->run()
#13 {main}
CRITICAL - 2021-11-17 13:21:36 --> Undefined variable $btoa
#0 /var/www/html/app/Views/include/script.php(487): CodeIgniter\Debug\Exceptions->errorHandler()
#1 /var/www/html/vendor/codeigniter4/framework/system/View/View.php(214): include('...')
#2 /var/www/html/vendor/codeigniter4/framework/system/View/View.php(217): CodeIgniter\View\View->CodeIgniter\View\{closure}()
#3 /var/www/html/vendor/codeigniter4/framework/system/Common.php(1097): CodeIgniter\View\View->render()
#4 /var/www/html/app/Views/welcome_message.php(103): view()
#5 /var/www/html/vendor/codeigniter4/framework/system/View/View.php(214): include('...')
#6 /var/www/html/vendor/codeigniter4/framework/system/View/View.php(217): CodeIgniter\View\View->CodeIgniter\View\{closure}()
#7 /var/www/html/vendor/codeigniter4/framework/system/Common.php(1097): CodeIgniter\View\View->render()
#8 /var/www/html/app/Controllers/Home.php(14): view()
#9 /var/www/html/vendor/codeigniter4/framework/system/CodeIgniter.php(824): App\Controllers\Home->index()
#10 /var/www/html/vendor/codeigniter4/framework/system/CodeIgniter.php(410): CodeIgniter\CodeIgniter->runController()
#11 /var/www/html/vendor/codeigniter4/framework/system/CodeIgniter.php(318): CodeIgniter\CodeIgniter->handleRequest()
#12 /var/www/html/public/index.php(37): CodeIgniter\CodeIgniter->run()
#13 {main}
CRITICAL - 2021-11-17 13:21:36 --> Undefined variable $btoa
#0 /var/www/html/app/Views/include/script.php(487): CodeIgniter\Debug\Exceptions->errorHandler()
#1 /var/www/html/vendor/codeigniter4/framework/system/View/View.php(214): include('...')
#2 /var/www/html/vendor/codeigniter4/framework/system/View/View.php(217): CodeIgniter\View\View->CodeIgniter\View\{closure}()
#3 /var/www/html/vendor/codeigniter4/framework/system/Common.php(1097): CodeIgniter\View\View->render()
#4 /var/www/html/app/Views/welcome_message.php(103): view()
#5 /var/www/html/vendor/codeigniter4/framework/system/View/View.php(214): include('...')
#6 /var/www/html/vendor/codeigniter4/framework/system/View/View.php(217): CodeIgniter\View\View->CodeIgniter\View\{closure}()
#7 /var/www/html/vendor/codeigniter4/framework/system/Common.php(1097): CodeIgniter\View\View->render()
#8 /var/www/html/app/Controllers/Home.php(14): view()
#9 /var/www/html/vendor/codeigniter4/framework/system/CodeIgniter.php(824): App\Controllers\Home->index()
#10 /var/www/html/vendor/codeigniter4/framework/system/CodeIgniter.php(410): CodeIgniter\CodeIgniter->runController()
#11 /var/www/html/vendor/codeigniter4/framework/system/CodeIgniter.php(318): CodeIgniter\CodeIgniter->handleRequest()
#12 /var/www/html/public/index.php(37): CodeIgniter\CodeIgniter->run()
#13 {main}
CRITICAL - 2021-11-17 13:21:36 --> Undefined variable $btoa
#0 /var/www/html/app/Views/include/script.php(487): CodeIgniter\Debug\Exceptions->errorHandler()
#1 /var/www/html/vendor/codeigniter4/framework/system/View/View.php(214): include('...')
#2 /var/www/html/vendor/codeigniter4/framework/system/View/View.php(217): CodeIgniter\View\View->CodeIgniter\View\{closure}()
#3 /var/www/html/vendor/codeigniter4/framework/system/Common.php(1097): CodeIgniter\View\View->render()
#4 /var/www/html/app/Views/welcome_message.php(103): view()
#5 /var/www/html/vendor/codeigniter4/framework/system/View/View.php(214): include('...')
#6 /var/www/html/vendor/codeigniter4/framework/system/View/View.php(217): CodeIgniter\View\View->CodeIgniter\View\{closure}()
#7 /var/www/html/vendor/codeigniter4/framework/system/Common.php(1097): CodeIgniter\View\View->render()
#8 /var/www/html/app/Controllers/Home.php(14): view()
#9 /var/www/html/vendor/codeigniter4/framework/system/CodeIgniter.php(824): App\Controllers\Home->index()
#10 /var/www/html/vendor/codeigniter4/framework/system/CodeIgniter.php(410): CodeIgniter\CodeIgniter->runController()
#11 /var/www/html/vendor/codeigniter4/framework/system/CodeIgniter.php(318): CodeIgniter\CodeIgniter->handleRequest()
#12 /var/www/html/public/index.php(37): CodeIgniter\CodeIgniter->run()
#13 {main}
CRITICAL - 2021-11-17 13:21:36 --> Undefined variable $btoa
#0 /var/www/html/app/Views/include/script.php(487): CodeIgniter\Debug\Exceptions->errorHandler()
#1 /var/www/html/vendor/codeigniter4/framework/system/View/View.php(214): include('...')
#2 /var/www/html/vendor/codeigniter4/framework/system/View/View.php(217): CodeIgniter\View\View->CodeIgniter\View\{closure}()
#3 /var/www/html/vendor/codeigniter4/framework/system/Common.php(1097): CodeIgniter\View\View->render()
#4 /var/www/html/app/Views/welcome_message.php(103): view()
#5 /var/www/html/vendor/codeigniter4/framework/system/View/View.php(214): include('...')
#6 /var/www/html/vendor/codeigniter4/framework/system/View/View.php(217): CodeIgniter\View\View->CodeIgniter\View\{closure}()
#7 /var/www/html/vendor/codeigniter4/framework/system/Common.php(1097): CodeIgniter\View\View->render()
#8 /var/www/html/app/Controllers/Home.php(14): view()
#9 /var/www/html/vendor/codeigniter4/framework/system/CodeIgniter.php(824): App\Controllers\Home->index()
#10 /var/www/html/vendor/codeigniter4/framework/system/CodeIgniter.php(410): CodeIgniter\CodeIgniter->runController()
#11 /var/www/html/vendor/codeigniter4/framework/system/CodeIgniter.php(318): CodeIgniter\CodeIgniter->handleRequest()
#12 /var/www/html/public/index.php(37): CodeIgniter\CodeIgniter->run()
#13 {main}
CRITICAL - 2021-11-17 13:21:36 --> Undefined variable $btoa
#0 /var/www/html/app/Views/include/script.php(487): CodeIgniter\Debug\Exceptions->errorHandler()
#1 /var/www/html/vendor/codeigniter4/framework/system/View/View.php(214): include('...')
#2 /var/www/html/vendor/codeigniter4/framework/system/View/View.php(217): CodeIgniter\View\View->CodeIgniter\View\{closure}()
#3 /var/www/html/vendor/codeigniter4/framework/system/Common.php(1097): CodeIgniter\View\View->render()
#4 /var/www/html/app/Views/welcome_message.php(103): view()
#5 /var/www/html/vendor/codeigniter4/framework/system/View/View.php(214): include('...')
#6 /var/www/html/vendor/codeigniter4/framework/system/View/View.php(217): CodeIgniter\View\View->CodeIgniter\View\{closure}()
#7 /var/www/html/vendor/codeigniter4/framework/system/Common.php(1097): CodeIgniter\View\View->render()
#8 /var/www/html/app/Controllers/Home.php(14): view()
#9 /var/www/html/vendor/codeigniter4/framework/system/CodeIgniter.php(824): App\Controllers\Home->index()
#10 /var/www/html/vendor/codeigniter4/framework/system/CodeIgniter.php(410): CodeIgniter\CodeIgniter->runController()
#11 /var/www/html/vendor/codeigniter4/framework/system/CodeIgniter.php(318): CodeIgniter\CodeIgniter->handleRequest()
#12 /var/www/html/public/index.php(37): CodeIgniter\CodeIgniter->run()
#13 {main}
CRITICAL - 2021-11-17 13:21:36 --> Undefined variable $btoa
#0 /var/www/html/app/Views/include/script.php(487): CodeIgniter\Debug\Exceptions->errorHandler()
#1 /var/www/html/vendor/codeigniter4/framework/system/View/View.php(214): include('...')
#2 /var/www/html/vendor/codeigniter4/framework/system/View/View.php(217): CodeIgniter\View\View->CodeIgniter\View\{closure}()
#3 /var/www/html/vendor/codeigniter4/framework/system/Common.php(1097): CodeIgniter\View\View->render()
#4 /var/www/html/app/Views/welcome_message.php(103): view()
#5 /var/www/html/vendor/codeigniter4/framework/system/View/View.php(214): include('...')
#6 /var/www/html/vendor/codeigniter4/framework/system/View/View.php(217): CodeIgniter\View\View->CodeIgniter\View\{closure}()
#7 /var/www/html/vendor/codeigniter4/framework/system/Common.php(1097): CodeIgniter\View\View->render()
#8 /var/www/html/app/Controllers/Home.php(14): view()
#9 /var/www/html/vendor/codeigniter4/framework/system/CodeIgniter.php(824): App\Controllers\Home->index()
#10 /var/www/html/vendor/codeigniter4/framework/system/CodeIgniter.php(410): CodeIgniter\CodeIgniter->runController()
#11 /var/www/html/vendor/codeigniter4/framework/system/CodeIgniter.php(318): CodeIgniter\CodeIgniter->handleRequest()
#12 /var/www/html/public/index.php(37): CodeIgniter\CodeIgniter->run()
#13 {main}
CRITICAL - 2021-11-17 13:21:36 --> Undefined variable $btoa
#0 /var/www/html/app/Views/include/script.php(487): CodeIgniter\Debug\Exceptions->errorHandler()
#1 /var/www/html/vendor/codeigniter4/framework/system/View/View.php(214): include('...')
#2 /var/www/html/vendor/codeigniter4/framework/system/View/View.php(217): CodeIgniter\View\View->CodeIgniter\View\{closure}()
#3 /var/www/html/vendor/codeigniter4/framework/system/Common.php(1097): CodeIgniter\View\View->render()
#4 /var/www/html/app/Views/welcome_message.php(103): view()
#5 /var/www/html/vendor/codeigniter4/framework/system/View/View.php(214): include('...')
#6 /var/www/html/vendor/codeigniter4/framework/system/View/View.php(217): CodeIgniter\View\View->CodeIgniter\View\{closure}()
#7 /var/www/html/vendor/codeigniter4/framework/system/Common.php(1097): CodeIgniter\View\View->render()
#8 /var/www/html/app/Controllers/Home.php(14): view()
#9 /var/www/html/vendor/codeigniter4/framework/system/CodeIgniter.php(824): App\Controllers\Home->index()
#10 /var/www/html/vendor/codeigniter4/framework/system/CodeIgniter.php(410): CodeIgniter\CodeIgniter->runController()
#11 /var/www/html/vendor/codeigniter4/framework/system/CodeIgniter.php(318): CodeIgniter\CodeIgniter->handleRequest()
#12 /var/www/html/public/index.php(37): CodeIgniter\CodeIgniter->run()
#13 {main}
CRITICAL - 2021-11-17 13:21:36 --> Undefined variable $btoa
#0 /var/www/html/app/Views/include/script.php(487): CodeIgniter\Debug\Exceptions->errorHandler()
#1 /var/www/html/vendor/codeigniter4/framework/system/View/View.php(214): include('...')
#2 /var/www/html/vendor/codeigniter4/framework/system/View/View.php(217): CodeIgniter\View\View->CodeIgniter\View\{closure}()
#3 /var/www/html/vendor/codeigniter4/framework/system/Common.php(1097): CodeIgniter\View\View->render()
#4 /var/www/html/app/Views/welcome_message.php(103): view()
#5 /var/www/html/vendor/codeigniter4/framework/system/View/View.php(214): include('...')
#6 /var/www/html/vendor/codeigniter4/framework/system/View/View.php(217): CodeIgniter\View\View->CodeIgniter\View\{closure}()
#7 /var/www/html/vendor/codeigniter4/framework/system/Common.php(1097): CodeIgniter\View\View->render()
#8 /var/www/html/app/Controllers/Home.php(14): view()
#9 /var/www/html/vendor/codeigniter4/framework/system/CodeIgniter.php(824): App\Controllers\Home->index()
#10 /var/www/html/vendor/codeigniter4/framework/system/CodeIgniter.php(410): CodeIgniter\CodeIgniter->runController()
#11 /var/www/html/vendor/codeigniter4/framework/system/CodeIgniter.php(318): CodeIgniter\CodeIgniter->handleRequest()
#12 /var/www/html/public/index.php(37): CodeIgniter\CodeIgniter->run()
#13 {main}
CRITICAL - 2021-11-17 13:28:06 --> Undefined variable $btoa
#0 /var/www/html/app/Views/include/script.php(487): CodeIgniter\Debug\Exceptions->errorHandler()
#1 /var/www/html/vendor/codeigniter4/framework/system/View/View.php(214): include('...')
#2 /var/www/html/vendor/codeigniter4/framework/system/View/View.php(217): CodeIgniter\View\View->CodeIgniter\View\{closure}()
#3 /var/www/html/vendor/codeigniter4/framework/system/Common.php(1097): CodeIgniter\View\View->render()
#4 /var/www/html/app/Views/welcome_message.php(103): view()
#5 /var/www/html/vendor/codeigniter4/framework/system/View/View.php(214): include('...')
#6 /var/www/html/vendor/codeigniter4/framework/system/View/View.php(217): CodeIgniter\View\View->CodeIgniter\View\{closure}()
#7 /var/www/html/vendor/codeigniter4/framework/system/Common.php(1097): CodeIgniter\View\View->render()
#8 /var/www/html/app/Controllers/Home.php(14): view()
#9 /var/www/html/vendor/codeigniter4/framework/system/CodeIgniter.php(824): App\Controllers\Home->index()
#10 /var/www/html/vendor/codeigniter4/framework/system/CodeIgniter.php(410): CodeIgniter\CodeIgniter->runController()
#11 /var/www/html/vendor/codeigniter4/framework/system/CodeIgniter.php(318): CodeIgniter\CodeIgniter->handleRequest()
#12 /var/www/html/public/index.php(37): CodeIgniter\CodeIgniter->run()
#13 {main}
ERROR - 2021-11-17 14:28:20 --> Duplicate entry 'n8lhm19s90t4nj9t5m9odpfjd42hv24u' for key 'PRIMARY'
ERROR - 2021-11-17 14:28:23 --> Duplicate entry 'n8lhm19s90t4nj9t5m9odpfjd42hv24u' for key 'PRIMARY'
ERROR - 2021-11-17 14:28:26 --> Duplicate entry 'n8lhm19s90t4nj9t5m9odpfjd42hv24u' for key 'PRIMARY'
ERROR - 2021-11-17 14:28:38 --> Duplicate entry 'n8lhm19s90t4nj9t5m9odpfjd42hv24u' for key 'PRIMARY'
ERROR - 2021-11-17 14:28:46 --> Duplicate entry 'n8lhm19s90t4nj9t5m9odpfjd42hv24u' for key 'PRIMARY'
ERROR - 2021-11-17 14:28:49 --> Duplicate entry 'n8lhm19s90t4nj9t5m9odpfjd42hv24u' for key 'PRIMARY'
ERROR - 2021-11-17 14:30:46 --> Duplicate entry 'n8lhm19s90t4nj9t5m9odpfjd42hv24u' for key 'PRIMARY'
ERROR - 2021-11-17 14:30:56 --> Duplicate entry 'n8lhm19s90t4nj9t5m9odpfjd42hv24u' for key 'PRIMARY'
ERROR - 2021-11-17 14:32:23 --> Duplicate entry 'n8lhm19s90t4nj9t5m9odpfjd42hv24u' for key 'PRIMARY'
ERROR - 2021-11-17 14:32:25 --> Duplicate entry 'n8lhm19s90t4nj9t5m9odpfjd42hv24u' for key 'PRIMARY'
ERROR - 2021-11-17 14:32:49 --> Duplicate entry 'n8lhm19s90t4nj9t5m9odpfjd42hv24u' for key 'PRIMARY'
ERROR - 2021-11-17 14:32:51 --> Duplicate entry 'n8lhm19s90t4nj9t5m9odpfjd42hv24u' for key 'PRIMARY'
ERROR - 2021-11-17 14:33:29 --> Duplicate entry 'n8lhm19s90t4nj9t5m9odpfjd42hv24u' for key 'PRIMARY'
ERROR - 2021-11-17 14:33:30 --> Duplicate entry 'n8lhm19s90t4nj9t5m9odpfjd42hv24u' for key 'PRIMARY'
ERROR - 2021-11-17 14:33:32 --> Duplicate entry 'n8lhm19s90t4nj9t5m9odpfjd42hv24u' for key 'PRIMARY'
ERROR - 2021-11-17 14:33:38 --> Duplicate entry 'n8lhm19s90t4nj9t5m9odpfjd42hv24u' for key 'PRIMARY'
ERROR - 2021-11-17 14:33:46 --> Duplicate entry 'gu8cmdqr3a7i3cs75uaa298725b7j4q1' for key 'PRIMARY'
ERROR - 2021-11-17 14:33:46 --> Duplicate entry 'gu8cmdqr3a7i3cs75uaa298725b7j4q1' for key 'PRIMARY'
ERROR - 2021-11-17 14:33:48 --> Duplicate entry 'gu8cmdqr3a7i3cs75uaa298725b7j4q1' for key 'PRIMARY'
ERROR - 2021-11-17 14:34:01 --> Duplicate entry 'gu8cmdqr3a7i3cs75uaa298725b7j4q1' for key 'PRIMARY'
ERROR - 2021-11-17 14:34:03 --> Duplicate entry 'gu8cmdqr3a7i3cs75uaa298725b7j4q1' for key 'PRIMARY'
ERROR - 2021-11-17 14:36:39 --> Duplicate entry 'n8lhm19s90t4nj9t5m9odpfjd42hv24u' for key 'PRIMARY'
ERROR - 2021-11-17 14:36:40 --> Duplicate entry 'n8lhm19s90t4nj9t5m9odpfjd42hv24u' for key 'PRIMARY'
ERROR - 2021-11-17 14:36:51 --> Duplicate entry 'n8lhm19s90t4nj9t5m9odpfjd42hv24u' for key 'PRIMARY'
ERROR - 2021-11-17 14:36:53 --> Duplicate entry 'n8lhm19s90t4nj9t5m9odpfjd42hv24u' for key 'PRIMARY'
ERROR - 2021-11-17 14:37:11 --> Duplicate entry 'n8lhm19s90t4nj9t5m9odpfjd42hv24u' for key 'PRIMARY'
ERROR - 2021-11-17 14:37:23 --> Duplicate entry 'n8lhm19s90t4nj9t5m9odpfjd42hv24u' for key 'PRIMARY'
ERROR - 2021-11-17 14:37:52 --> Duplicate entry 'n8lhm19s90t4nj9t5m9odpfjd42hv24u' for key 'PRIMARY'
ERROR - 2021-11-17 14:44:52 --> Duplicate entry 'n8lhm19s90t4nj9t5m9odpfjd42hv24u' for key 'PRIMARY'
ERROR - 2021-11-17 14:44:55 --> Duplicate entry 'n8lhm19s90t4nj9t5m9odpfjd42hv24u' for key 'PRIMARY'
ERROR - 2021-11-17 14:46:27 --> Duplicate entry 'n8lhm19s90t4nj9t5m9odpfjd42hv24u' for key 'PRIMARY'
ERROR - 2021-11-17 14:46:30 --> Duplicate entry 'n8lhm19s90t4nj9t5m9odpfjd42hv24u' for key 'PRIMARY'
ERROR - 2021-11-17 14:46:33 --> Duplicate entry 'n8lhm19s90t4nj9t5m9odpfjd42hv24u' for key 'PRIMARY'
ERROR - 2021-11-17 14:46:33 --> Duplicate entry 'n8lhm19s90t4nj9t5m9odpfjd42hv24u' for key 'PRIMARY'
ERROR - 2021-11-17 14:46:39 --> Duplicate entry 'n8lhm19s90t4nj9t5m9odpfjd42hv24u' for key 'PRIMARY'
ERROR - 2021-11-17 14:46:39 --> Duplicate entry 'n8lhm19s90t4nj9t5m9odpfjd42hv24u' for key 'PRIMARY'
ERROR - 2021-11-17 14:46:45 --> Duplicate entry 'n8lhm19s90t4nj9t5m9odpfjd42hv24u' for key 'PRIMARY'
ERROR - 2021-11-17 14:46:48 --> Duplicate entry 'n8lhm19s90t4nj9t5m9odpfjd42hv24u' for key 'PRIMARY'
ERROR - 2021-11-17 14:46:57 --> Duplicate entry 'gu8cmdqr3a7i3cs75uaa298725b7j4q1' for key 'PRIMARY'
ERROR - 2021-11-17 18:40:04 --> Duplicate entry 'nlc42sb08hl3ck274b29h7nkkogqtmr7' for key 'PRIMARY'
ERROR - 2021-11-17 18:40:06 --> Duplicate entry 'nlc42sb08hl3ck274b29h7nkkogqtmr7' for key 'PRIMARY'
ERROR - 2021-11-17 23:44:43 --> Duplicate entry '3n56g8nsor95nj0qla6m2ndpu3624dob' for key 'PRIMARY'
