CRITICAL - 2022-04-06 10:10:00 --> App\Libraries\TraccarApi::session(): Argument #1 ($email) must be of type string, null given, called in /var/www/html/app/Controllers/Rest/Account.php on line 26
#0 /var/www/html/app/Controllers/Rest/Account.php(26): App\Libraries\TraccarApi->session()
#1 /var/www/html/vendor/codeigniter4/framework/system/CodeIgniter.php(824): App\Controllers\Rest\Account->login()
#2 /var/www/html/vendor/codeigniter4/framework/system/CodeIgniter.php(410): CodeIgniter\CodeIgniter->runController()
#3 /var/www/html/vendor/codeigniter4/framework/system/CodeIgniter.php(318): CodeIgniter\CodeIgniter->handleRequest()
#4 /var/www/html/public/index.php(37): CodeIgniter\CodeIgniter->run()
#5 {main}
ERROR - 2022-04-06 10:10:02 --> Duplicate entry 'pkkfc96bp2rob3enpag9pnrg6jss90vu' for key 'ci_sessions.PRIMARY'
ERROR - 2022-04-06 14:15:41 --> Duplicate entry 'j713e5159f31bajk0ad1bpnam9hdo9ob' for key 'ci_sessions.PRIMARY'
ERROR - 2022-04-06 14:15:43 --> Duplicate entry 'j713e5159f31bajk0ad1bpnam9hdo9ob' for key 'ci_sessions.PRIMARY'
ERROR - 2022-04-06 14:15:44 --> Duplicate entry 'j713e5159f31bajk0ad1bpnam9hdo9ob' for key 'ci_sessions.PRIMARY'
ERROR - 2022-04-06 14:15:47 --> Duplicate entry 'j713e5159f31bajk0ad1bpnam9hdo9ob' for key 'ci_sessions.PRIMARY'
ERROR - 2022-04-06 14:15:52 --> Duplicate entry 'j713e5159f31bajk0ad1bpnam9hdo9ob' for key 'ci_sessions.PRIMARY'
ERROR - 2022-04-06 14:16:02 --> Duplicate entry 'j713e5159f31bajk0ad1bpnam9hdo9ob' for key 'ci_sessions.PRIMARY'
ERROR - 2022-04-06 14:16:18 --> Duplicate entry 'j713e5159f31bajk0ad1bpnam9hdo9ob' for key 'ci_sessions.PRIMARY'
ERROR - 2022-04-06 14:16:19 --> Duplicate entry 'j713e5159f31bajk0ad1bpnam9hdo9ob' for key 'ci_sessions.PRIMARY'
ERROR - 2022-04-06 14:21:22 --> Duplicate entry 'j713e5159f31bajk0ad1bpnam9hdo9ob' for key 'ci_sessions.PRIMARY'
ERROR - 2022-04-06 14:21:23 --> Duplicate entry 'j713e5159f31bajk0ad1bpnam9hdo9ob' for key 'ci_sessions.PRIMARY'
ERROR - 2022-04-06 14:34:58 --> Duplicate entry 'j713e5159f31bajk0ad1bpnam9hdo9ob' for key 'ci_sessions.PRIMARY'
ERROR - 2022-04-06 14:35:09 --> Duplicate entry 'j713e5159f31bajk0ad1bpnam9hdo9ob' for key 'ci_sessions.PRIMARY'
ERROR - 2022-04-06 14:35:16 --> Duplicate entry 'j713e5159f31bajk0ad1bpnam9hdo9ob' for key 'ci_sessions.PRIMARY'
ERROR - 2022-04-06 14:38:39 --> Duplicate entry 'j713e5159f31bajk0ad1bpnam9hdo9ob' for key 'ci_sessions.PRIMARY'
ERROR - 2022-04-06 14:38:41 --> Duplicate entry 'j713e5159f31bajk0ad1bpnam9hdo9ob' for key 'ci_sessions.PRIMARY'
ERROR - 2022-04-06 14:38:51 --> Duplicate entry 'j713e5159f31bajk0ad1bpnam9hdo9ob' for key 'ci_sessions.PRIMARY'
